#! /usr/bin/vvp
:ivl_version "11.0 (stable)";
:ivl_delay_selection "TYPICAL";
:vpi_time_precision + 0;
:vpi_module "/usr/lib/x86_64-linux-gnu/ivl/system.vpi";
:vpi_module "/usr/lib/x86_64-linux-gnu/ivl/vhdl_sys.vpi";
:vpi_module "/usr/lib/x86_64-linux-gnu/ivl/vhdl_textio.vpi";
:vpi_module "/usr/lib/x86_64-linux-gnu/ivl/v2005_math.vpi";
:vpi_module "/usr/lib/x86_64-linux-gnu/ivl/va_math.vpi";
S_0x5d370a481d30 .scope module, "decodificador" "decodificador" 2 3;
 .timescale 0 0;
    .port_info 0 /INPUT 1 "D";
    .port_info 1 /INPUT 1 "C";
    .port_info 2 /INPUT 1 "B";
    .port_info 3 /INPUT 1 "A";
    .port_info 4 /OUTPUT 1 "a";
    .port_info 5 /OUTPUT 1 "b";
    .port_info 6 /OUTPUT 1 "c";
    .port_info 7 /OUTPUT 1 "d";
    .port_info 8 /OUTPUT 1 "e";
    .port_info 9 /OUTPUT 1 "f";
    .port_info 10 /OUTPUT 1 "g";
o0x7e3b1c5cf018 .functor BUFZ 1, C4<z>; HiZ drive
L_0x5d370a4a8b30 .functor NOT 1, o0x7e3b1c5cf018, C4<0>, C4<0>, C4<0>;
o0x7e3b1c5cf048 .functor BUFZ 1, C4<z>; HiZ drive
L_0x5d370a4a8bc0 .functor AND 1, L_0x5d370a4a8b30, o0x7e3b1c5cf048, C4<1>, C4<1>;
o0x7e3b1c5cf0a8 .functor BUFZ 1, C4<z>; HiZ drive
L_0x5d370a4a8c30 .functor AND 1, L_0x5d370a4a8bc0, o0x7e3b1c5cf0a8, C4<1>, C4<1>;
L_0x5d370a4a8cf0 .functor NOT 1, o0x7e3b1c5cf048, C4<0>, C4<0>, C4<0>;
L_0x5d370a4a8de0 .functor AND 1, o0x7e3b1c5cf018, L_0x5d370a4a8cf0, C4<1>, C4<1>;
o0x7e3b1c5cf078 .functor BUFZ 1, C4<z>; HiZ drive
L_0x5d370a4a8ef0 .functor NOT 1, o0x7e3b1c5cf078, C4<0>, C4<0>, C4<0>;
L_0x5d370a4a8fa0 .functor AND 1, L_0x5d370a4a8de0, L_0x5d370a4a8ef0, C4<1>, C4<1>;
L_0x5d370a4a90b0 .functor OR 1, L_0x5d370a4a8c30, L_0x5d370a4a8fa0, C4<0>, C4<0>;
L_0x5d370a4a9210 .functor NOT 1, o0x7e3b1c5cf018, C4<0>, C4<0>, C4<0>;
L_0x5d370a4a9280 .functor NOT 1, o0x7e3b1c5cf048, C4<0>, C4<0>, C4<0>;
L_0x5d370a4a9350 .functor AND 1, L_0x5d370a4a9210, L_0x5d370a4a9280, C4<1>, C4<1>;
L_0x5d370a4a9410 .functor AND 1, L_0x5d370a4a9350, o0x7e3b1c5cf078, C4<1>, C4<1>;
L_0x5d370a4a9590 .functor OR 1, L_0x5d370a4a90b0, L_0x5d370a4a9410, C4<0>, C4<0>;
L_0x5d370a4a96a0 .functor NOT 1, o0x7e3b1c5cf018, C4<0>, C4<0>, C4<0>;
L_0x5d370a4a9520 .functor NOT 1, o0x7e3b1c5cf048, C4<0>, C4<0>, C4<0>;
L_0x5d370a4a9820 .functor AND 1, L_0x5d370a4a96a0, L_0x5d370a4a9520, C4<1>, C4<1>;
L_0x5d370a4a9920 .functor NOT 1, o0x7e3b1c5cf078, C4<0>, C4<0>, C4<0>;
L_0x5d370a4a9990 .functor AND 1, L_0x5d370a4a9820, L_0x5d370a4a9920, C4<1>, C4<1>;
L_0x5d370a4a9b40 .functor OR 1, L_0x5d370a4a9590, L_0x5d370a4a9990, C4<0>, C4<0>;
L_0x5d370a4a9c50 .functor NOT 1, o0x7e3b1c5cf018, C4<0>, C4<0>, C4<0>;
L_0x5d370a4a9d70 .functor NOT 1, o0x7e3b1c5cf048, C4<0>, C4<0>, C4<0>;
L_0x5d370a4a9de0 .functor AND 1, L_0x5d370a4a9c50, L_0x5d370a4a9d70, C4<1>, C4<1>;
L_0x5d370a4a9fb0 .functor NOT 1, o0x7e3b1c5cf048, C4<0>, C4<0>, C4<0>;
L_0x5d370a4aa020 .functor NOT 1, o0x7e3b1c5cf078, C4<0>, C4<0>, C4<0>;
L_0x5d370a4aa160 .functor AND 1, L_0x5d370a4a9fb0, L_0x5d370a4aa020, C4<1>, C4<1>;
L_0x5d370a4aa220 .functor OR 1, L_0x5d370a4a9de0, L_0x5d370a4aa160, C4<0>, C4<0>;
L_0x5d370a4aa410 .functor NOT 1, o0x7e3b1c5cf018, C4<0>, C4<0>, C4<0>;
L_0x5d370a4aa480 .functor NOT 1, o0x7e3b1c5cf078, C4<0>, C4<0>, C4<0>;
L_0x5d370a4aa5e0 .functor AND 1, L_0x5d370a4aa410, L_0x5d370a4aa480, C4<1>, C4<1>;
L_0x5d370a4aa6f0 .functor NOT 1, o0x7e3b1c5cf0a8, C4<0>, C4<0>, C4<0>;
L_0x5d370a4aa8b0 .functor AND 1, L_0x5d370a4aa5e0, L_0x5d370a4aa6f0, C4<1>, C4<1>;
L_0x5d370a4aa9c0 .functor OR 1, L_0x5d370a4aa220, L_0x5d370a4aa8b0, C4<0>, C4<0>;
L_0x5d370a4aabe0 .functor NOT 1, o0x7e3b1c5cf018, C4<0>, C4<0>, C4<0>;
L_0x5d370a4aac50 .functor AND 1, L_0x5d370a4aabe0, o0x7e3b1c5cf078, C4<1>, C4<1>;
L_0x5d370a4aae30 .functor AND 1, L_0x5d370a4aac50, o0x7e3b1c5cf0a8, C4<1>, C4<1>;
L_0x5d370a4aaef0 .functor OR 1, L_0x5d370a4aa9c0, L_0x5d370a4aae30, C4<0>, C4<0>;
L_0x5d370a4aad10 .functor NOT 1, o0x7e3b1c5cf018, C4<0>, C4<0>, C4<0>;
L_0x5d370a4aad80 .functor AND 1, L_0x5d370a4aad10, o0x7e3b1c5cf048, C4<1>, C4<1>;
L_0x5d370a4ab2c0 .functor NOT 1, o0x7e3b1c5cf018, C4<0>, C4<0>, C4<0>;
L_0x5d370a4ab330 .functor NOT 1, o0x7e3b1c5cf078, C4<0>, C4<0>, C4<0>;
L_0x5d370a4ab4f0 .functor AND 1, L_0x5d370a4ab2c0, L_0x5d370a4ab330, C4<1>, C4<1>;
L_0x5d370a4ab600 .functor OR 1, L_0x5d370a4aad80, L_0x5d370a4ab4f0, C4<0>, C4<0>;
L_0x5d370a4ab870 .functor NOT 1, o0x7e3b1c5cf018, C4<0>, C4<0>, C4<0>;
L_0x5d370a4ab8e0 .functor AND 1, L_0x5d370a4ab870, o0x7e3b1c5cf0a8, C4<1>, C4<1>;
L_0x5d370a4abb10 .functor OR 1, L_0x5d370a4ab600, L_0x5d370a4ab8e0, C4<0>, C4<0>;
L_0x5d370a4abbd0 .functor NOT 1, o0x7e3b1c5cf048, C4<0>, C4<0>, C4<0>;
L_0x5d370a4abdc0 .functor NOT 1, o0x7e3b1c5cf078, C4<0>, C4<0>, C4<0>;
L_0x5d370a4abf40 .functor AND 1, L_0x5d370a4abbd0, L_0x5d370a4abdc0, C4<1>, C4<1>;
L_0x5d370a4ac1e0 .functor OR 1, L_0x5d370a4abb10, L_0x5d370a4abf40, C4<0>, C4<0>;
L_0x5d370a4ac2f0 .functor NOT 1, o0x7e3b1c5cf048, C4<0>, C4<0>, C4<0>;
L_0x5d370a4ac500 .functor NOT 1, o0x7e3b1c5cf078, C4<0>, C4<0>, C4<0>;
L_0x5d370a4ac570 .functor AND 1, L_0x5d370a4ac2f0, L_0x5d370a4ac500, C4<1>, C4<1>;
L_0x5d370a4ac830 .functor NOT 1, o0x7e3b1c5cf0a8, C4<0>, C4<0>, C4<0>;
L_0x5d370a4ac8a0 .functor AND 1, L_0x5d370a4ac570, L_0x5d370a4ac830, C4<1>, C4<1>;
L_0x5d370a4acb70 .functor NOT 1, o0x7e3b1c5cf018, C4<0>, C4<0>, C4<0>;
L_0x5d370a4acbe0 .functor AND 1, L_0x5d370a4acb70, o0x7e3b1c5cf078, C4<1>, C4<1>;
L_0x5d370a4ace70 .functor NOT 1, o0x7e3b1c5cf0a8, C4<0>, C4<0>, C4<0>;
L_0x5d370a4acee0 .functor AND 1, L_0x5d370a4acbe0, L_0x5d370a4ace70, C4<1>, C4<1>;
L_0x5d370a4ad1d0 .functor OR 1, L_0x5d370a4ac8a0, L_0x5d370a4acee0, C4<0>, C4<0>;
L_0x5d370a4ad2e0 .functor NOT 1, o0x7e3b1c5cf018, C4<0>, C4<0>, C4<0>;
L_0x5d370a4ad540 .functor NOT 1, o0x7e3b1c5cf048, C4<0>, C4<0>, C4<0>;
L_0x5d370a4ad5b0 .functor AND 1, L_0x5d370a4ad2e0, L_0x5d370a4ad540, C4<1>, C4<1>;
L_0x5d370a4ad8f0 .functor AND 1, L_0x5d370a4ad5b0, o0x7e3b1c5cf078, C4<1>, C4<1>;
L_0x5d370a4ad9b0 .functor OR 1, L_0x5d370a4ad1d0, L_0x5d370a4ad8f0, C4<0>, C4<0>;
L_0x5d370a4adcd0 .functor NOT 1, o0x7e3b1c5cf018, C4<0>, C4<0>, C4<0>;
L_0x5d370a4add40 .functor AND 1, L_0x5d370a4adcd0, o0x7e3b1c5cf048, C4<1>, C4<1>;
L_0x5d370a4ae020 .functor NOT 1, o0x7e3b1c5cf078, C4<0>, C4<0>, C4<0>;
L_0x5d370a4ae090 .functor AND 1, L_0x5d370a4add40, L_0x5d370a4ae020, C4<1>, C4<1>;
L_0x5d370a4ae3d0 .functor AND 1, L_0x5d370a4ae090, o0x7e3b1c5cf0a8, C4<1>, C4<1>;
L_0x5d370a4ae490 .functor OR 1, L_0x5d370a4ad9b0, L_0x5d370a4ae3d0, C4<0>, C4<0>;
L_0x5d370a4ae7e0 .functor NOT 1, o0x7e3b1c5cf018, C4<0>, C4<0>, C4<0>;
L_0x5d370a4ae850 .functor AND 1, L_0x5d370a4ae7e0, o0x7e3b1c5cf078, C4<1>, C4<1>;
L_0x5d370a4aeb60 .functor NOT 1, o0x7e3b1c5cf078, C4<0>, C4<0>, C4<0>;
L_0x5d370a4aebd0 .functor AND 1, L_0x5d370a4ae850, L_0x5d370a4aeb60, C4<1>, C4<1>;
L_0x5d370a4aef40 .functor NOT 1, o0x7e3b1c5cf048, C4<0>, C4<0>, C4<0>;
L_0x5d370a4aefb0 .functor NOT 1, o0x7e3b1c5cf078, C4<0>, C4<0>, C4<0>;
L_0x5d370a4af290 .functor AND 1, L_0x5d370a4aef40, L_0x5d370a4aefb0, C4<1>, C4<1>;
L_0x5d370a4af3d0 .functor NOT 1, o0x7e3b1c5cf0a8, C4<0>, C4<0>, C4<0>;
L_0x5d370a4af7d0 .functor AND 1, L_0x5d370a4af290, L_0x5d370a4af3d0, C4<1>, C4<1>;
L_0x5d370a4af8e0 .functor OR 1, L_0x5d370a4aebd0, L_0x5d370a4af7d0, C4<0>, C4<0>;
L_0x5d370a4afc80 .functor NOT 1, o0x7e3b1c5cf048, C4<0>, C4<0>, C4<0>;
L_0x5d370a4afcf0 .functor AND 1, o0x7e3b1c5cf018, L_0x5d370a4afc80, C4<1>, C4<1>;
L_0x5d370a4b0050 .functor NOT 1, o0x7e3b1c5cf078, C4<0>, C4<0>, C4<0>;
L_0x5d370a4b00c0 .functor AND 1, L_0x5d370a4afcf0, L_0x5d370a4b0050, C4<1>, C4<1>;
L_0x5d370a4b0480 .functor NOT 1, o0x7e3b1c5cf018, C4<0>, C4<0>, C4<0>;
L_0x5d370a4b04f0 .functor AND 1, L_0x5d370a4b0480, o0x7e3b1c5cf048, C4<1>, C4<1>;
L_0x5d370a4b0870 .functor NOT 1, o0x7e3b1c5cf078, C4<0>, C4<0>, C4<0>;
L_0x5d370a4b08e0 .functor AND 1, L_0x5d370a4b04f0, L_0x5d370a4b0870, C4<1>, C4<1>;
L_0x5d370a4b0cf0 .functor OR 1, L_0x5d370a4b00c0, L_0x5d370a4b08e0, C4<0>, C4<0>;
L_0x5d370a4b0e00 .functor NOT 1, o0x7e3b1c5cf048, C4<0>, C4<0>, C4<0>;
L_0x5d370a4b1150 .functor NOT 1, o0x7e3b1c5cf078, C4<0>, C4<0>, C4<0>;
L_0x5d370a4b11c0 .functor AND 1, L_0x5d370a4b0e00, L_0x5d370a4b1150, C4<1>, C4<1>;
L_0x5d370a4b15c0 .functor NOT 1, o0x7e3b1c5cf0a8, C4<0>, C4<0>, C4<0>;
L_0x5d370a4b1630 .functor AND 1, L_0x5d370a4b11c0, L_0x5d370a4b15c0, C4<1>, C4<1>;
L_0x5d370a4b1a40 .functor OR 1, L_0x5d370a4b0cf0, L_0x5d370a4b1630, C4<0>, C4<0>;
L_0x5d370a4b1b50 .functor NOT 1, o0x7e3b1c5cf018, C4<0>, C4<0>, C4<0>;
L_0x5d370a4b1ed0 .functor AND 1, L_0x5d370a4b1b50, o0x7e3b1c5cf048, C4<1>, C4<1>;
L_0x5d370a4b21a0 .functor NOT 1, o0x7e3b1c5cf0a8, C4<0>, C4<0>, C4<0>;
L_0x5d370a4b2530 .functor AND 1, L_0x5d370a4b1ed0, L_0x5d370a4b21a0, C4<1>, C4<1>;
L_0x5d370a4b2640 .functor OR 1, L_0x5d370a4b1a40, L_0x5d370a4b2530, C4<0>, C4<0>;
L_0x5d370a4b2a80 .functor NOT 1, o0x7e3b1c5cf048, C4<0>, C4<0>, C4<0>;
L_0x5d370a4b2af0 .functor AND 1, o0x7e3b1c5cf018, L_0x5d370a4b2a80, C4<1>, C4<1>;
L_0x5d370a4b2ef0 .functor NOT 1, o0x7e3b1c5cf078, C4<0>, C4<0>, C4<0>;
L_0x5d370a4b2f60 .functor AND 1, L_0x5d370a4b2af0, L_0x5d370a4b2ef0, C4<1>, C4<1>;
L_0x5d370a4b33c0 .functor NOT 1, o0x7e3b1c5cf018, C4<0>, C4<0>, C4<0>;
L_0x5d370a4b3430 .functor NOT 1, o0x7e3b1c5cf048, C4<0>, C4<0>, C4<0>;
L_0x5d370a4b3800 .functor AND 1, L_0x5d370a4b33c0, L_0x5d370a4b3430, C4<1>, C4<1>;
L_0x5d370a4b3910 .functor AND 1, L_0x5d370a4b3800, o0x7e3b1c5cf078, C4<1>, C4<1>;
L_0x5d370a4b3d40 .functor OR 1, L_0x5d370a4b2f60, L_0x5d370a4b3910, C4<0>, C4<0>;
L_0x5d370a4b3e50 .functor NOT 1, o0x7e3b1c5cf018, C4<0>, C4<0>, C4<0>;
L_0x5d370a4b4240 .functor AND 1, L_0x5d370a4b3e50, o0x7e3b1c5cf048, C4<1>, C4<1>;
L_0x5d370a4b4300 .functor NOT 1, o0x7e3b1c5cf078, C4<0>, C4<0>, C4<0>;
L_0x5d370a4b4700 .functor AND 1, L_0x5d370a4b4240, L_0x5d370a4b4300, C4<1>, C4<1>;
L_0x5d370a4b4840 .functor OR 1, L_0x5d370a4b3d40, L_0x5d370a4b4700, C4<0>, C4<0>;
L_0x5d370a4b4cf0 .functor NOT 1, o0x7e3b1c5cf018, C4<0>, C4<0>, C4<0>;
L_0x5d370a4b4d60 .functor AND 1, L_0x5d370a4b4cf0, o0x7e3b1c5cf078, C4<1>, C4<1>;
L_0x5d370a4b51d0 .functor NOT 1, o0x7e3b1c5cf0a8, C4<0>, C4<0>, C4<0>;
L_0x5d370a4b5240 .functor AND 1, L_0x5d370a4b4d60, L_0x5d370a4b51d0, C4<1>, C4<1>;
L_0x5d370a4b5710 .functor OR 1, L_0x5d370a4b4840, L_0x5d370a4b5240, C4<0>, C4<0>;
v0x5d370a481fd0_0 .net "A", 0 0, o0x7e3b1c5cf018;  0 drivers
v0x5d370a4a1890_0 .net "B", 0 0, o0x7e3b1c5cf048;  0 drivers
v0x5d370a4a1950_0 .net "C", 0 0, o0x7e3b1c5cf078;  0 drivers
v0x5d370a4a19f0_0 .net "D", 0 0, o0x7e3b1c5cf0a8;  0 drivers
v0x5d370a4a1ab0_0 .net *"_ivl_0", 0 0, L_0x5d370a4a8b30;  1 drivers
v0x5d370a4a1be0_0 .net *"_ivl_10", 0 0, L_0x5d370a4a8ef0;  1 drivers
v0x5d370a4a1cc0_0 .net *"_ivl_100", 0 0, L_0x5d370a4ac500;  1 drivers
v0x5d370a4a1da0_0 .net *"_ivl_102", 0 0, L_0x5d370a4ac570;  1 drivers
v0x5d370a4a1e80_0 .net *"_ivl_104", 0 0, L_0x5d370a4ac830;  1 drivers
v0x5d370a4a1f60_0 .net *"_ivl_106", 0 0, L_0x5d370a4ac8a0;  1 drivers
v0x5d370a4a2040_0 .net *"_ivl_108", 0 0, L_0x5d370a4acb70;  1 drivers
v0x5d370a4a2120_0 .net *"_ivl_110", 0 0, L_0x5d370a4acbe0;  1 drivers
v0x5d370a4a2200_0 .net *"_ivl_112", 0 0, L_0x5d370a4ace70;  1 drivers
v0x5d370a4a22e0_0 .net *"_ivl_114", 0 0, L_0x5d370a4acee0;  1 drivers
v0x5d370a4a23c0_0 .net *"_ivl_116", 0 0, L_0x5d370a4ad1d0;  1 drivers
v0x5d370a4a24a0_0 .net *"_ivl_118", 0 0, L_0x5d370a4ad2e0;  1 drivers
v0x5d370a4a2580_0 .net *"_ivl_12", 0 0, L_0x5d370a4a8fa0;  1 drivers
v0x5d370a4a2770_0 .net *"_ivl_120", 0 0, L_0x5d370a4ad540;  1 drivers
v0x5d370a4a2850_0 .net *"_ivl_122", 0 0, L_0x5d370a4ad5b0;  1 drivers
v0x5d370a4a2930_0 .net *"_ivl_124", 0 0, L_0x5d370a4ad8f0;  1 drivers
v0x5d370a4a2a10_0 .net *"_ivl_126", 0 0, L_0x5d370a4ad9b0;  1 drivers
v0x5d370a4a2af0_0 .net *"_ivl_128", 0 0, L_0x5d370a4adcd0;  1 drivers
v0x5d370a4a2bd0_0 .net *"_ivl_130", 0 0, L_0x5d370a4add40;  1 drivers
v0x5d370a4a2cb0_0 .net *"_ivl_132", 0 0, L_0x5d370a4ae020;  1 drivers
v0x5d370a4a2d90_0 .net *"_ivl_134", 0 0, L_0x5d370a4ae090;  1 drivers
v0x5d370a4a2e70_0 .net *"_ivl_136", 0 0, L_0x5d370a4ae3d0;  1 drivers
v0x5d370a4a2f50_0 .net *"_ivl_14", 0 0, L_0x5d370a4a90b0;  1 drivers
v0x5d370a4a3030_0 .net *"_ivl_140", 0 0, L_0x5d370a4ae7e0;  1 drivers
v0x5d370a4a3110_0 .net *"_ivl_142", 0 0, L_0x5d370a4ae850;  1 drivers
v0x5d370a4a31f0_0 .net *"_ivl_144", 0 0, L_0x5d370a4aeb60;  1 drivers
v0x5d370a4a32d0_0 .net *"_ivl_146", 0 0, L_0x5d370a4aebd0;  1 drivers
v0x5d370a4a33b0_0 .net *"_ivl_148", 0 0, L_0x5d370a4aef40;  1 drivers
v0x5d370a4a3490_0 .net *"_ivl_150", 0 0, L_0x5d370a4aefb0;  1 drivers
v0x5d370a4a3780_0 .net *"_ivl_152", 0 0, L_0x5d370a4af290;  1 drivers
v0x5d370a4a3860_0 .net *"_ivl_154", 0 0, L_0x5d370a4af3d0;  1 drivers
v0x5d370a4a3940_0 .net *"_ivl_156", 0 0, L_0x5d370a4af7d0;  1 drivers
v0x5d370a4a3a20_0 .net *"_ivl_16", 0 0, L_0x5d370a4a9210;  1 drivers
v0x5d370a4a3b00_0 .net *"_ivl_160", 0 0, L_0x5d370a4afc80;  1 drivers
v0x5d370a4a3be0_0 .net *"_ivl_162", 0 0, L_0x5d370a4afcf0;  1 drivers
v0x5d370a4a3cc0_0 .net *"_ivl_164", 0 0, L_0x5d370a4b0050;  1 drivers
v0x5d370a4a3da0_0 .net *"_ivl_166", 0 0, L_0x5d370a4b00c0;  1 drivers
v0x5d370a4a3e80_0 .net *"_ivl_168", 0 0, L_0x5d370a4b0480;  1 drivers
v0x5d370a4a3f60_0 .net *"_ivl_170", 0 0, L_0x5d370a4b04f0;  1 drivers
v0x5d370a4a4040_0 .net *"_ivl_172", 0 0, L_0x5d370a4b0870;  1 drivers
v0x5d370a4a4120_0 .net *"_ivl_174", 0 0, L_0x5d370a4b08e0;  1 drivers
v0x5d370a4a4200_0 .net *"_ivl_176", 0 0, L_0x5d370a4b0cf0;  1 drivers
v0x5d370a4a42e0_0 .net *"_ivl_178", 0 0, L_0x5d370a4b0e00;  1 drivers
v0x5d370a4a43c0_0 .net *"_ivl_18", 0 0, L_0x5d370a4a9280;  1 drivers
v0x5d370a4a44a0_0 .net *"_ivl_180", 0 0, L_0x5d370a4b1150;  1 drivers
v0x5d370a4a4580_0 .net *"_ivl_182", 0 0, L_0x5d370a4b11c0;  1 drivers
v0x5d370a4a4660_0 .net *"_ivl_184", 0 0, L_0x5d370a4b15c0;  1 drivers
v0x5d370a4a4740_0 .net *"_ivl_186", 0 0, L_0x5d370a4b1630;  1 drivers
v0x5d370a4a4820_0 .net *"_ivl_188", 0 0, L_0x5d370a4b1a40;  1 drivers
v0x5d370a4a4900_0 .net *"_ivl_190", 0 0, L_0x5d370a4b1b50;  1 drivers
v0x5d370a4a49e0_0 .net *"_ivl_192", 0 0, L_0x5d370a4b1ed0;  1 drivers
v0x5d370a4a4ac0_0 .net *"_ivl_194", 0 0, L_0x5d370a4b21a0;  1 drivers
v0x5d370a4a4ba0_0 .net *"_ivl_196", 0 0, L_0x5d370a4b2530;  1 drivers
v0x5d370a4a4c80_0 .net *"_ivl_2", 0 0, L_0x5d370a4a8bc0;  1 drivers
v0x5d370a4a4d60_0 .net *"_ivl_20", 0 0, L_0x5d370a4a9350;  1 drivers
v0x5d370a4a4e40_0 .net *"_ivl_200", 0 0, L_0x5d370a4b2a80;  1 drivers
v0x5d370a4a4f20_0 .net *"_ivl_202", 0 0, L_0x5d370a4b2af0;  1 drivers
v0x5d370a4a5000_0 .net *"_ivl_204", 0 0, L_0x5d370a4b2ef0;  1 drivers
v0x5d370a4a50e0_0 .net *"_ivl_206", 0 0, L_0x5d370a4b2f60;  1 drivers
v0x5d370a4a51c0_0 .net *"_ivl_208", 0 0, L_0x5d370a4b33c0;  1 drivers
v0x5d370a4a52a0_0 .net *"_ivl_210", 0 0, L_0x5d370a4b3430;  1 drivers
v0x5d370a4a5790_0 .net *"_ivl_212", 0 0, L_0x5d370a4b3800;  1 drivers
v0x5d370a4a5870_0 .net *"_ivl_214", 0 0, L_0x5d370a4b3910;  1 drivers
v0x5d370a4a5950_0 .net *"_ivl_216", 0 0, L_0x5d370a4b3d40;  1 drivers
v0x5d370a4a5a30_0 .net *"_ivl_218", 0 0, L_0x5d370a4b3e50;  1 drivers
v0x5d370a4a5b10_0 .net *"_ivl_22", 0 0, L_0x5d370a4a9410;  1 drivers
v0x5d370a4a5bf0_0 .net *"_ivl_220", 0 0, L_0x5d370a4b4240;  1 drivers
v0x5d370a4a5cd0_0 .net *"_ivl_222", 0 0, L_0x5d370a4b4300;  1 drivers
v0x5d370a4a5db0_0 .net *"_ivl_224", 0 0, L_0x5d370a4b4700;  1 drivers
v0x5d370a4a5e90_0 .net *"_ivl_226", 0 0, L_0x5d370a4b4840;  1 drivers
v0x5d370a4a5f70_0 .net *"_ivl_228", 0 0, L_0x5d370a4b4cf0;  1 drivers
v0x5d370a4a6050_0 .net *"_ivl_230", 0 0, L_0x5d370a4b4d60;  1 drivers
v0x5d370a4a6130_0 .net *"_ivl_232", 0 0, L_0x5d370a4b51d0;  1 drivers
v0x5d370a4a6210_0 .net *"_ivl_234", 0 0, L_0x5d370a4b5240;  1 drivers
v0x5d370a4a62f0_0 .net *"_ivl_24", 0 0, L_0x5d370a4a9590;  1 drivers
v0x5d370a4a63d0_0 .net *"_ivl_26", 0 0, L_0x5d370a4a96a0;  1 drivers
v0x5d370a4a64b0_0 .net *"_ivl_28", 0 0, L_0x5d370a4a9520;  1 drivers
v0x5d370a4a6590_0 .net *"_ivl_30", 0 0, L_0x5d370a4a9820;  1 drivers
v0x5d370a4a6670_0 .net *"_ivl_32", 0 0, L_0x5d370a4a9920;  1 drivers
v0x5d370a4a6750_0 .net *"_ivl_34", 0 0, L_0x5d370a4a9990;  1 drivers
v0x5d370a4a6830_0 .net *"_ivl_38", 0 0, L_0x5d370a4a9c50;  1 drivers
v0x5d370a4a6910_0 .net *"_ivl_4", 0 0, L_0x5d370a4a8c30;  1 drivers
v0x5d370a4a69f0_0 .net *"_ivl_40", 0 0, L_0x5d370a4a9d70;  1 drivers
v0x5d370a4a6ad0_0 .net *"_ivl_42", 0 0, L_0x5d370a4a9de0;  1 drivers
v0x5d370a4a6bb0_0 .net *"_ivl_44", 0 0, L_0x5d370a4a9fb0;  1 drivers
v0x5d370a4a6c90_0 .net *"_ivl_46", 0 0, L_0x5d370a4aa020;  1 drivers
v0x5d370a4a6d70_0 .net *"_ivl_48", 0 0, L_0x5d370a4aa160;  1 drivers
v0x5d370a4a6e50_0 .net *"_ivl_50", 0 0, L_0x5d370a4aa220;  1 drivers
v0x5d370a4a6f30_0 .net *"_ivl_52", 0 0, L_0x5d370a4aa410;  1 drivers
v0x5d370a4a7010_0 .net *"_ivl_54", 0 0, L_0x5d370a4aa480;  1 drivers
v0x5d370a4a70f0_0 .net *"_ivl_56", 0 0, L_0x5d370a4aa5e0;  1 drivers
v0x5d370a4a71d0_0 .net *"_ivl_58", 0 0, L_0x5d370a4aa6f0;  1 drivers
v0x5d370a4a72b0_0 .net *"_ivl_6", 0 0, L_0x5d370a4a8cf0;  1 drivers
v0x5d370a4a7390_0 .net *"_ivl_60", 0 0, L_0x5d370a4aa8b0;  1 drivers
v0x5d370a4a7470_0 .net *"_ivl_62", 0 0, L_0x5d370a4aa9c0;  1 drivers
v0x5d370a4a7550_0 .net *"_ivl_64", 0 0, L_0x5d370a4aabe0;  1 drivers
v0x5d370a4a7630_0 .net *"_ivl_66", 0 0, L_0x5d370a4aac50;  1 drivers
v0x5d370a4a7710_0 .net *"_ivl_68", 0 0, L_0x5d370a4aae30;  1 drivers
v0x5d370a4a77f0_0 .net *"_ivl_72", 0 0, L_0x5d370a4aad10;  1 drivers
v0x5d370a4a78d0_0 .net *"_ivl_74", 0 0, L_0x5d370a4aad80;  1 drivers
v0x5d370a4a79b0_0 .net *"_ivl_76", 0 0, L_0x5d370a4ab2c0;  1 drivers
v0x5d370a4a7a90_0 .net *"_ivl_78", 0 0, L_0x5d370a4ab330;  1 drivers
v0x5d370a4a7b70_0 .net *"_ivl_8", 0 0, L_0x5d370a4a8de0;  1 drivers
v0x5d370a4a7c50_0 .net *"_ivl_80", 0 0, L_0x5d370a4ab4f0;  1 drivers
v0x5d370a4a7d30_0 .net *"_ivl_82", 0 0, L_0x5d370a4ab600;  1 drivers
v0x5d370a4a7e10_0 .net *"_ivl_84", 0 0, L_0x5d370a4ab870;  1 drivers
v0x5d370a4a7ef0_0 .net *"_ivl_86", 0 0, L_0x5d370a4ab8e0;  1 drivers
v0x5d370a4a7fd0_0 .net *"_ivl_88", 0 0, L_0x5d370a4abb10;  1 drivers
v0x5d370a4a80b0_0 .net *"_ivl_90", 0 0, L_0x5d370a4abbd0;  1 drivers
v0x5d370a4a8190_0 .net *"_ivl_92", 0 0, L_0x5d370a4abdc0;  1 drivers
v0x5d370a4a8270_0 .net *"_ivl_94", 0 0, L_0x5d370a4abf40;  1 drivers
v0x5d370a4a8350_0 .net *"_ivl_98", 0 0, L_0x5d370a4ac2f0;  1 drivers
v0x5d370a4a8430_0 .net "a", 0 0, L_0x5d370a4a9b40;  1 drivers
v0x5d370a4a84f0_0 .net "b", 0 0, L_0x5d370a4aaef0;  1 drivers
v0x5d370a4a85b0_0 .net "c", 0 0, L_0x5d370a4ac1e0;  1 drivers
v0x5d370a4a8670_0 .net "d", 0 0, L_0x5d370a4ae490;  1 drivers
v0x5d370a4a8730_0 .net "e", 0 0, L_0x5d370a4af8e0;  1 drivers
v0x5d370a4a87f0_0 .net "f", 0 0, L_0x5d370a4b2640;  1 drivers
v0x5d370a4a88b0_0 .net "g", 0 0, L_0x5d370a4b5710;  1 drivers
# The file index is used to find the file name in the following table.
:file_names 3;
    "N/A";
    "<interactive>";
    "tp2_tec1.v";
