This is pdfTeX, Version 3.141592653-2.6-1.40.22 (TeX Live 2022/dev/Debian) (preloaded format=pdflatex 2024.7.4)  15 AUG 2024 18:32
entering extended mode
 restricted \write18 enabled.
 %&-line parsing enabled.
**doc.tex
(./doc.tex
LaTeX2e <2021-11-15> patch level 1
L3 programming layer <2022-01-21>
(/usr/share/texlive/texmf-dist/tex/latex/base/article.cls
Document Class: article 2021/10/04 v1.4n Standard LaTeX document class
(/usr/share/texlive/texmf-dist/tex/latex/base/size10.clo
File: size10.clo 2021/10/04 v1.4n Standard LaTeX file (size option)
)
\c@part=\count185
\c@section=\count186
\c@subsection=\count187
\c@subsubsection=\count188
\c@paragraph=\count189
\c@subparagraph=\count190
\c@figure=\count191
\c@table=\count192
\abovecaptionskip=\skip47
\belowcaptionskip=\skip48
\bibindent=\dimen138
)
(/usr/share/texlive/texmf-dist/tex/latex/pdfpages/pdfpages.sty
Package: pdfpages 2022/01/29 v0.5u Insert pages of external PDF documents (AM)

(/usr/share/texlive/texmf-dist/tex/latex/base/ifthen.sty
Package: ifthen 2020/11/24 v1.1c Standard LaTeX ifthen package (DPC)
)
(/usr/share/texlive/texmf-dist/tex/latex/tools/calc.sty
Package: calc 2017/05/25 v4.3 Infix arithmetic (KKT,FJ)
\calc@Acount=\count193
\calc@Bcount=\count194
\calc@Adimen=\dimen139
\calc@Bdimen=\dimen140
\calc@Askip=\skip49
\calc@Bskip=\skip50
LaTeX Info: Redefining \setlength on input line 80.
LaTeX Info: Redefining \addtolength on input line 81.
\calc@Ccount=\count195
\calc@Cskip=\skip51
)
(/usr/share/texlive/texmf-dist/tex/latex/eso-pic/eso-pic.sty
Package: eso-pic 2020/10/14 v3.0a eso-pic (RN)
\ESO@tempdima=\dimen141
\ESO@tempdimb=\dimen142

(/usr/share/texlive/texmf-dist/tex/latex/graphics/keyval.sty
Package: keyval 2014/10/28 v1.15 key=value parser (DPC)
\KV@toks@=\toks16
)
(/usr/share/texlive/texmf-dist/tex/latex/xcolor/xcolor.sty
Package: xcolor 2021/10/31 v2.13 LaTeX color extensions (UK)

(/usr/share/texlive/texmf-dist/tex/latex/graphics-cfg/color.cfg
File: color.cfg 2016/01/02 v1.6 sample color configuration
)
Package xcolor Info: Driver file: pdftex.def on input line 227.

(/usr/share/texlive/texmf-dist/tex/latex/graphics-def/pdftex.def
File: pdftex.def 2020/10/05 v1.2a Graphics/color driver for pdftex
)
Package xcolor Info: Model `cmy' substituted by `cmy0' on input line 1352.
Package xcolor Info: Model `hsb' substituted by `rgb' on input line 1356.
Package xcolor Info: Model `RGB' extended on input line 1368.
Package xcolor Info: Model `HTML' substituted by `rgb' on input line 1370.
Package xcolor Info: Model `Hsb' substituted by `hsb' on input line 1371.
Package xcolor Info: Model `tHsb' substituted by `hsb' on input line 1372.
Package xcolor Info: Model `HSB' substituted by `hsb' on input line 1373.
Package xcolor Info: Model `Gray' substituted by `gray' on input line 1374.
Package xcolor Info: Model `wave' substituted by `hsb' on input line 1375.
))
(/usr/share/texlive/texmf-dist/tex/latex/graphics/graphicx.sty
Package: graphicx 2021/09/16 v1.2d Enhanced LaTeX Graphics (DPC,SPQR)

(/usr/share/texlive/texmf-dist/tex/latex/graphics/graphics.sty
Package: graphics 2021/03/04 v1.4d Standard LaTeX Graphics (DPC,SPQR)

(/usr/share/texlive/texmf-dist/tex/latex/graphics/trig.sty
Package: trig 2021/08/11 v1.11 sin cos tan (DPC)
)
(/usr/share/texlive/texmf-dist/tex/latex/graphics-cfg/graphics.cfg
File: graphics.cfg 2016/06/04 v1.11 sample graphics configuration
)
Package graphics Info: Driver file: pdftex.def on input line 107.
)
\Gin@req@height=\dimen143
\Gin@req@width=\dimen144
)
\AM@pagewidth=\dimen145
\AM@pageheight=\dimen146
\AM@fboxrule=\dimen147

(/usr/share/texlive/texmf-dist/tex/latex/pdfpages/pppdftex.def
File: pppdftex.def 2022/01/29 v0.5u Pdfpages driver for pdfTeX (AM)
)
\pdfpages@includegraphics@status=\count196
\AM@pagebox=\box50
\AM@global@opts=\toks17
\AM@pagecnt=\count197
\AM@toc@title=\toks18
\c@AM@survey=\count198
\AM@templatesizebox=\box51
)
(/usr/share/texlive/texmf-dist/tex/latex/l3backend/l3backend-pdftex.def
File: l3backend-pdftex.def 2022-01-12 L3 backend support: PDF output (pdfTeX)
\l__color_backend_stack_int=\count199
\l__pdf_internal_box=\box52
)
(./doc.aux)
\openout1 = `doc.aux'.

LaTeX Font Info:    Checking defaults for OML/cmm/m/it on input line 4.
LaTeX Font Info:    ... okay on input line 4.
LaTeX Font Info:    Checking defaults for OMS/cmsy/m/n on input line 4.
LaTeX Font Info:    ... okay on input line 4.
LaTeX Font Info:    Checking defaults for OT1/cmr/m/n on input line 4.
LaTeX Font Info:    ... okay on input line 4.
LaTeX Font Info:    Checking defaults for T1/cmr/m/n on input line 4.
LaTeX Font Info:    ... okay on input line 4.
LaTeX Font Info:    Checking defaults for TS1/cmr/m/n on input line 4.
LaTeX Font Info:    ... okay on input line 4.
LaTeX Font Info:    Checking defaults for OMX/cmex/m/n on input line 4.
LaTeX Font Info:    ... okay on input line 4.
LaTeX Font Info:    Checking defaults for U/cmr/m/n on input line 4.
LaTeX Font Info:    ... okay on input line 4.
 (/usr/share/texlive/texmf-dist/tex/context/base/mkii/supp-pdf.mkii
[Loading MPS to PDF converter (version 2006.09.02).]
\scratchcounter=\count266
\scratchdimen=\dimen148
\scratchbox=\box53
\nofMPsegments=\count267
\nofMParguments=\count268
\everyMPshowfont=\toks19
\MPscratchCnt=\count269
\MPscratchDim=\dimen149
\MPnumerator=\count270
\makeMPintoPDFobject=\count271
\everyMPtoPDFconversion=\toks20
) (/usr/share/texlive/texmf-dist/tex/latex/epstopdf-pkg/epstopdf-base.sty
Package: epstopdf-base 2020-01-24 v2.11 Base part for package epstopdf
Package epstopdf-base Info: Redefining graphics rule for `.eps' on input line 4
85.

(/usr/share/texlive/texmf-dist/tex/latex/latexconfig/epstopdf-sys.cfg
File: epstopdf-sys.cfg 2010/07/13 v1.3 Configuration of (r)epstopdf for TeX Liv
e
))
(/usr/share/texlive/texmf-dist/tex/latex/pdflscape/pdflscape.sty
Package: pdflscape 2019/12/05 v0.12 Display of landscape pages in PDF (HO)

(/usr/share/texlive/texmf-dist/tex/generic/iftex/iftex.sty
Package: iftex 2020/03/06 v1.0d TeX engine tests
)
(/usr/share/texlive/texmf-dist/tex/latex/graphics/lscape.sty
Package: lscape 2020/05/28 v3.02 Landscape Pages (DPC)
)
Package pdflscape Info: Auto-detected driver: pdftex on input line 81.
)

pdfTeX warning: pdflatex (file ./tp2_2.pdf): PDF inclusion: found PDF version <
1.6>, but at most version <1.5> allowed
<tp2_2.pdf, id=1, 597.53635pt x 845.04686pt>
File: tp2_2.pdf Graphic file (type pdf)
<use tp2_2.pdf>
Package pdftex.def Info: tp2_2.pdf  used on input line 5.
(pdftex.def)             Requested size: 597.53488pt x 845.0448pt.


pdfTeX warning: pdflatex (file ./tp2_2.pdf): PDF inclusion: found PDF version <
1.6>, but at most version <1.5> allowed
File: tp2_2.pdf Graphic file (type pdf)
<use tp2_2.pdf>
Package pdftex.def Info: tp2_2.pdf  used on input line 5.
(pdftex.def)             Requested size: 597.53488pt x 845.0448pt.


pdfTeX warning: pdflatex (file ./tp2_2.pdf): PDF inclusion: found PDF version <
1.6>, but at most version <1.5> allowed


pdfTeX warning: pdflatex (file ./tp2_2.pdf): PDF inclusion: found PDF version <
1.6>, but at most version <1.5> allowed
<tp2_2.pdf, id=4, page=1, 597.53635pt x 845.04686pt>
File: tp2_2.pdf Graphic file (type pdf)
<use tp2_2.pdf, page 1>
Package pdftex.def Info: tp2_2.pdf , page1 used on input line 5.
(pdftex.def)             Requested size: 597.53488pt x 845.0448pt.
File: tp2_2.pdf Graphic file (type pdf)
<use tp2_2.pdf, page 1>
Package pdftex.def Info: tp2_2.pdf , page1 used on input line 5.
(pdftex.def)             Requested size: 597.56223pt x 845.08348pt.
File: tp2_2.pdf Graphic file (type pdf)
<use tp2_2.pdf, page 1>
Package pdftex.def Info: tp2_2.pdf , page1 used on input line 5.
(pdftex.def)             Requested size: 597.56223pt x 845.08348pt.
File: tp2_2.pdf Graphic file (type pdf)
<use tp2_2.pdf, page 1>
Package pdftex.def Info: tp2_2.pdf , page1 used on input line 5.
(pdftex.def)             Requested size: 597.56223pt x 845.08348pt.
File: tp2_2.pdf Graphic file (type pdf)
<use tp2_2.pdf, page 1>
Package pdftex.def Info: tp2_2.pdf , page1 used on input line 5.
(pdftex.def)             Requested size: 597.56223pt x 845.08348pt.
[1

 <./tp2_2.pdf>]

pdfTeX warning: pdflatex (file ./tp2_2.pdf): PDF inclusion: found PDF version <
1.6>, but at most version <1.5> allowed
<tp2_2.pdf, id=70, page=2, 597.53635pt x 845.04686pt>
File: tp2_2.pdf Graphic file (type pdf)
<use tp2_2.pdf, page 2>
Package pdftex.def Info: tp2_2.pdf , page2 used on input line 5.
(pdftex.def)             Requested size: 597.56223pt x 845.08348pt.
File: tp2_2.pdf Graphic file (type pdf)
<use tp2_2.pdf, page 2>
Package pdftex.def Info: tp2_2.pdf , page2 used on input line 5.
(pdftex.def)             Requested size: 597.56223pt x 845.08348pt.
File: tp2_2.pdf Graphic file (type pdf)
<use tp2_2.pdf, page 2>
Package pdftex.def Info: tp2_2.pdf , page2 used on input line 5.
(pdftex.def)             Requested size: 597.56223pt x 845.08348pt.
[2 <./tp2_2.pdf>]

pdfTeX warning: pdflatex (file ./tp2_2.pdf): PDF inclusion: found PDF version <
1.6>, but at most version <1.5> allowed
<tp2_2.pdf, id=75, page=3, 597.53635pt x 845.04686pt>
File: tp2_2.pdf Graphic file (type pdf)
<use tp2_2.pdf, page 3>
Package pdftex.def Info: tp2_2.pdf , page3 used on input line 5.
(pdftex.def)             Requested size: 597.56223pt x 845.08348pt.
File: tp2_2.pdf Graphic file (type pdf)
<use tp2_2.pdf, page 3>
Package pdftex.def Info: tp2_2.pdf , page3 used on input line 5.
(pdftex.def)             Requested size: 597.56223pt x 845.08348pt.
File: tp2_2.pdf Graphic file (type pdf)
<use tp2_2.pdf, page 3>
Package pdftex.def Info: tp2_2.pdf , page3 used on input line 5.
(pdftex.def)             Requested size: 597.56223pt x 845.08348pt.
[3 <./tp2_2.pdf>]

pdfTeX warning: pdflatex (file ./tp2_2.pdf): PDF inclusion: found PDF version <
1.6>, but at most version <1.5> allowed
<tp2_2.pdf, id=80, page=4, 597.53635pt x 845.04686pt>
File: tp2_2.pdf Graphic file (type pdf)
<use tp2_2.pdf, page 4>
Package pdftex.def Info: tp2_2.pdf , page4 used on input line 5.
(pdftex.def)             Requested size: 597.56223pt x 845.08348pt.
File: tp2_2.pdf Graphic file (type pdf)
<use tp2_2.pdf, page 4>
Package pdftex.def Info: tp2_2.pdf , page4 used on input line 5.
(pdftex.def)             Requested size: 597.56223pt x 845.08348pt.
File: tp2_2.pdf Graphic file (type pdf)
<use tp2_2.pdf, page 4>
Package pdftex.def Info: tp2_2.pdf , page4 used on input line 5.
(pdftex.def)             Requested size: 597.56223pt x 845.08348pt.
[4 <./tp2_2.pdf>]

pdfTeX warning: pdflatex (file ./tp2_2.pdf): PDF inclusion: found PDF version <
1.6>, but at most version <1.5> allowed
<tp2_2.pdf, id=85, page=5, 597.53635pt x 845.04686pt>
File: tp2_2.pdf Graphic file (type pdf)
<use tp2_2.pdf, page 5>
Package pdftex.def Info: tp2_2.pdf , page5 used on input line 5.
(pdftex.def)             Requested size: 597.56223pt x 845.08348pt.
File: tp2_2.pdf Graphic file (type pdf)
<use tp2_2.pdf, page 5>
Package pdftex.def Info: tp2_2.pdf , page5 used on input line 5.
(pdftex.def)             Requested size: 597.56223pt x 845.08348pt.
File: tp2_2.pdf Graphic file (type pdf)
<use tp2_2.pdf, page 5>
Package pdftex.def Info: tp2_2.pdf , page5 used on input line 5.
(pdftex.def)             Requested size: 597.56223pt x 845.08348pt.
[5 <./tp2_2.pdf>]

pdfTeX warning: pdflatex (file ./tp2_2.pdf): PDF inclusion: found PDF version <
1.6>, but at most version <1.5> allowed
<tp2_2.pdf, id=90, page=6, 597.53635pt x 845.04686pt>
File: tp2_2.pdf Graphic file (type pdf)
<use tp2_2.pdf, page 6>
Package pdftex.def Info: tp2_2.pdf , page6 used on input line 5.
(pdftex.def)             Requested size: 597.56223pt x 845.08348pt.
File: tp2_2.pdf Graphic file (type pdf)
<use tp2_2.pdf, page 6>
Package pdftex.def Info: tp2_2.pdf , page6 used on input line 5.
(pdftex.def)             Requested size: 597.56223pt x 845.08348pt.
File: tp2_2.pdf Graphic file (type pdf)
<use tp2_2.pdf, page 6>
Package pdftex.def Info: tp2_2.pdf , page6 used on input line 5.
(pdftex.def)             Requested size: 597.56223pt x 845.08348pt.
[6 <./tp2_2.pdf>]

pdfTeX warning: pdflatex (file ./tp2_2.pdf): PDF inclusion: found PDF version <
1.6>, but at most version <1.5> allowed
<tp2_2.pdf, id=95, page=7, 597.53635pt x 845.04686pt>
File: tp2_2.pdf Graphic file (type pdf)
<use tp2_2.pdf, page 7>
Package pdftex.def Info: tp2_2.pdf , page7 used on input line 5.
(pdftex.def)             Requested size: 597.56223pt x 845.08348pt.
File: tp2_2.pdf Graphic file (type pdf)
<use tp2_2.pdf, page 7>
Package pdftex.def Info: tp2_2.pdf , page7 used on input line 5.
(pdftex.def)             Requested size: 597.56223pt x 845.08348pt.
File: tp2_2.pdf Graphic file (type pdf)
<use tp2_2.pdf, page 7>
Package pdftex.def Info: tp2_2.pdf , page7 used on input line 5.
(pdftex.def)             Requested size: 597.56223pt x 845.08348pt.
[7 <./tp2_2.pdf>]

pdfTeX warning: pdflatex (file ./tp2_2.pdf): PDF inclusion: found PDF version <
1.6>, but at most version <1.5> allowed
<tp2_2.pdf, id=101, page=8, 597.53635pt x 845.04686pt>
File: tp2_2.pdf Graphic file (type pdf)
<use tp2_2.pdf, page 8>
Package pdftex.def Info: tp2_2.pdf , page8 used on input line 5.
(pdftex.def)             Requested size: 597.56223pt x 845.08348pt.
File: tp2_2.pdf Graphic file (type pdf)
<use tp2_2.pdf, page 8>
Package pdftex.def Info: tp2_2.pdf , page8 used on input line 5.
(pdftex.def)             Requested size: 597.56223pt x 845.08348pt.
File: tp2_2.pdf Graphic file (type pdf)
<use tp2_2.pdf, page 8>
Package pdftex.def Info: tp2_2.pdf , page8 used on input line 5.
(pdftex.def)             Requested size: 597.56223pt x 845.08348pt.
[8 <./tp2_2.pdf>]

pdfTeX warning: pdflatex (file ./tp2_2.pdf): PDF inclusion: found PDF version <
1.6>, but at most version <1.5> allowed
<tp2_2.pdf, id=106, page=9, 597.53635pt x 845.04686pt>
File: tp2_2.pdf Graphic file (type pdf)
<use tp2_2.pdf, page 9>
Package pdftex.def Info: tp2_2.pdf , page9 used on input line 5.
(pdftex.def)             Requested size: 597.56223pt x 845.08348pt.
File: tp2_2.pdf Graphic file (type pdf)
<use tp2_2.pdf, page 9>
Package pdftex.def Info: tp2_2.pdf , page9 used on input line 5.
(pdftex.def)             Requested size: 597.56223pt x 845.08348pt.
File: tp2_2.pdf Graphic file (type pdf)
<use tp2_2.pdf, page 9>
Package pdftex.def Info: tp2_2.pdf , page9 used on input line 5.
(pdftex.def)             Requested size: 597.56223pt x 845.08348pt.
[9 <./tp2_2.pdf>]

pdfTeX warning: pdflatex (file ./tp2_2.pdf): PDF inclusion: found PDF version <
1.6>, but at most version <1.5> allowed
<tp2_2.pdf, id=111, page=10, 597.53635pt x 845.04686pt>
File: tp2_2.pdf Graphic file (type pdf)
<use tp2_2.pdf, page 10>
Package pdftex.def Info: tp2_2.pdf , page10 used on input line 5.
(pdftex.def)             Requested size: 597.56223pt x 845.08348pt.
File: tp2_2.pdf Graphic file (type pdf)
<use tp2_2.pdf, page 10>
Package pdftex.def Info: tp2_2.pdf , page10 used on input line 5.
(pdftex.def)             Requested size: 597.56223pt x 845.08348pt.
File: tp2_2.pdf Graphic file (type pdf)
<use tp2_2.pdf, page 10>
Package pdftex.def Info: tp2_2.pdf , page10 used on input line 5.
(pdftex.def)             Requested size: 597.56223pt x 845.08348pt.
[10 <./tp2_2.pdf>]
<cd4511b.pdf, id=116, 614.295pt x 794.97pt>
File: cd4511b.pdf Graphic file (type pdf)
<use cd4511b.pdf>
Package pdftex.def Info: cd4511b.pdf  used on input line 6.
(pdftex.def)             Requested size: 614.29349pt x 794.96806pt.
File: cd4511b.pdf Graphic file (type pdf)
<use cd4511b.pdf>
Package pdftex.def Info: cd4511b.pdf  used on input line 6.
(pdftex.def)             Requested size: 614.29349pt x 794.96806pt.
<cd4511b.pdf, id=119, page=1, 614.295pt x 794.97pt>
File: cd4511b.pdf Graphic file (type pdf)
<use cd4511b.pdf, page 1>
Package pdftex.def Info: cd4511b.pdf , page1 used on input line 6.
(pdftex.def)             Requested size: 614.29349pt x 794.96806pt.
File: cd4511b.pdf Graphic file (type pdf)
<use cd4511b.pdf, page 1>
Package pdftex.def Info: cd4511b.pdf , page1 used on input line 6.
(pdftex.def)             Requested size: 597.78697pt x 773.60669pt.
File: cd4511b.pdf Graphic file (type pdf)
<use cd4511b.pdf, page 1>
Package pdftex.def Info: cd4511b.pdf , page1 used on input line 6.
(pdftex.def)             Requested size: 597.78697pt x 773.60669pt.
File: cd4511b.pdf Graphic file (type pdf)
<use cd4511b.pdf, page 1>
Package pdftex.def Info: cd4511b.pdf , page1 used on input line 6.
(pdftex.def)             Requested size: 597.78697pt x 773.60669pt.
File: cd4511b.pdf Graphic file (type pdf)
<use cd4511b.pdf, page 1>
Package pdftex.def Info: cd4511b.pdf , page1 used on input line 6.
(pdftex.def)             Requested size: 597.78697pt x 773.60669pt.
 [11 <./cd4511b.pdf>]
<cd4511b.pdf, id=134, page=2, 614.295pt x 794.97pt>
File: cd4511b.pdf Graphic file (type pdf)
<use cd4511b.pdf, page 2>
Package pdftex.def Info: cd4511b.pdf , page2 used on input line 6.
(pdftex.def)             Requested size: 597.78697pt x 773.60669pt.
File: cd4511b.pdf Graphic file (type pdf)
<use cd4511b.pdf, page 2>
Package pdftex.def Info: cd4511b.pdf , page2 used on input line 6.
(pdftex.def)             Requested size: 597.78697pt x 773.60669pt.
File: cd4511b.pdf Graphic file (type pdf)
<use cd4511b.pdf, page 2>
Package pdftex.def Info: cd4511b.pdf , page2 used on input line 6.
(pdftex.def)             Requested size: 597.78697pt x 773.60669pt.
 [12 <./cd4511b.pdf>]
<cd4511b.pdf, id=139, page=3, 614.295pt x 794.97pt>
File: cd4511b.pdf Graphic file (type pdf)
<use cd4511b.pdf, page 3>
Package pdftex.def Info: cd4511b.pdf , page3 used on input line 6.
(pdftex.def)             Requested size: 597.78697pt x 773.60669pt.
File: cd4511b.pdf Graphic file (type pdf)
<use cd4511b.pdf, page 3>
Package pdftex.def Info: cd4511b.pdf , page3 used on input line 6.
(pdftex.def)             Requested size: 597.78697pt x 773.60669pt.
File: cd4511b.pdf Graphic file (type pdf)
<use cd4511b.pdf, page 3>
Package pdftex.def Info: cd4511b.pdf , page3 used on input line 6.
(pdftex.def)             Requested size: 597.78697pt x 773.60669pt.
 [13 <./cd4511b.pdf>]
<cd4511b.pdf, id=145, page=4, 614.295pt x 794.97pt>
File: cd4511b.pdf Graphic file (type pdf)
<use cd4511b.pdf, page 4>
Package pdftex.def Info: cd4511b.pdf , page4 used on input line 6.
(pdftex.def)             Requested size: 597.78697pt x 773.60669pt.
File: cd4511b.pdf Graphic file (type pdf)
<use cd4511b.pdf, page 4>
Package pdftex.def Info: cd4511b.pdf , page4 used on input line 6.
(pdftex.def)             Requested size: 597.78697pt x 773.60669pt.
File: cd4511b.pdf Graphic file (type pdf)
<use cd4511b.pdf, page 4>
Package pdftex.def Info: cd4511b.pdf , page4 used on input line 6.
(pdftex.def)             Requested size: 597.78697pt x 773.60669pt.
 [14 <./cd4511b.pdf>]
<cd4511b.pdf, id=150, page=5, 614.295pt x 794.97pt>
File: cd4511b.pdf Graphic file (type pdf)
<use cd4511b.pdf, page 5>
Package pdftex.def Info: cd4511b.pdf , page5 used on input line 6.
(pdftex.def)             Requested size: 597.78697pt x 773.60669pt.
File: cd4511b.pdf Graphic file (type pdf)
<use cd4511b.pdf, page 5>
Package pdftex.def Info: cd4511b.pdf , page5 used on input line 6.
(pdftex.def)             Requested size: 597.78697pt x 773.60669pt.
File: cd4511b.pdf Graphic file (type pdf)
<use cd4511b.pdf, page 5>
Package pdftex.def Info: cd4511b.pdf , page5 used on input line 6.
(pdftex.def)             Requested size: 597.78697pt x 773.60669pt.
 [15 <./cd4511b.pdf>] (./doc.aux) ) 
Here is how much of TeX's memory you used:
 2729 strings out of 478287
 43772 string characters out of 5849290
 335486 words of memory out of 5000000
 20934 multiletter control sequences out of 15000+600000
 469259 words of font info for 28 fonts, out of 8000000 for 9000
 1141 hyphenation exceptions out of 8191
 70i,17n,76p,220b,426s stack positions out of 5000i,500n,10000p,200000b,80000s

Output written on doc.pdf (15 pages, 914386 bytes).
PDF statistics:
 158 PDF objects out of 1000 (max. 8388607)
 84 compressed objects within 1 object stream
 0 named destinations out of 1000 (max. 500000)
 106 words of extra memory for PDF output out of 10000 (max. 10000000)

