This is pdfTeX, Version 3.141592653-2.6-1.40.25 (MiKTeX 24.1) (preloaded format=pdflatex 2024.10.7)  24 MAR 2025 20:47
entering extended mode
 restricted \write18 enabled.
 %&-line parsing enabled.
**./main.tex
(main.tex
LaTeX2e <2023-11-01> patch level 1
L3 programming layer <2024-01-04>
(C:\Users\tiago\AppData\Local\Programs\MiKTeX\tex/latex/base\book.cls
Document Class: book 2023/05/17 v1.4n Standard LaTeX document class
(C:\Users\tiago\AppData\Local\Programs\MiKTeX\tex/latex/base\bk12.clo
File: bk12.clo 2023/05/17 v1.4n Standard LaTeX file (size option)
)
\c@part=\count187
\c@chapter=\count188
\c@section=\count189
\c@subsection=\count190
\c@subsubsection=\count191
\c@paragraph=\count192
\c@subparagraph=\count193
\c@figure=\count194
\c@table=\count195
\abovecaptionskip=\skip48
\belowcaptionskip=\skip49
\bibindent=\dimen140
)
(C:\Users\tiago\AppData\Local\Programs\MiKTeX\tex/latex/base\inputenc.sty
Package: inputenc 2021/02/14 v1.3d Input encoding file
\inpenc@prehook=\toks17
\inpenc@posthook=\toks18
)
(C:\Users\tiago\AppData\Local\Programs\MiKTeX\tex/latex/graphics\graphicx.sty
Package: graphicx 2021/09/16 v1.2d Enhanced LaTeX Graphics (DPC,SPQR)

(C:\Users\tiago\AppData\Local\Programs\MiKTeX\tex/latex/graphics\keyval.sty
Package: keyval 2022/05/29 v1.15 key=value parser (DPC)
\KV@toks@=\toks19
)
(C:\Users\tiago\AppData\Local\Programs\MiKTeX\tex/latex/graphics\graphics.sty
Package: graphics 2022/03/10 v1.4e Standard LaTeX Graphics (DPC,SPQR)

(C:\Users\tiago\AppData\Local\Programs\MiKTeX\tex/latex/graphics\trig.sty
Package: trig 2021/08/11 v1.11 sin cos tan (DPC)
)
(C:\Users\tiago\AppData\Local\Programs\MiKTeX\tex/latex/graphics-cfg\graphics.c
fg
File: graphics.cfg 2016/06/04 v1.11 sample graphics configuration
)
Package graphics Info: Driver file: pdftex.def on input line 107.

(C:\Users\tiago\AppData\Local\Programs\MiKTeX\tex/latex/graphics-def\pdftex.def
File: pdftex.def 2022/09/22 v1.2b Graphics/color driver for pdftex
))
\Gin@req@height=\dimen141
\Gin@req@width=\dimen142
)
(C:\Users\tiago\AppData\Local\Programs\MiKTeX\tex/latex/pdfpages\pdfpages.sty
Package: pdfpages 2024/08/20 v0.6b Insert pages of external PDF documents (AM)

(C:\Users\tiago\AppData\Local\Programs\MiKTeX\tex/latex/base\ifthen.sty
Package: ifthen 2022/04/13 v1.1d Standard LaTeX ifthen package (DPC)
)
(C:\Users\tiago\AppData\Local\Programs\MiKTeX\tex/latex/tools\calc.sty
Package: calc 2023/07/08 v4.3 Infix arithmetic (KKT,FJ)
\calc@Acount=\count196
\calc@Bcount=\count197
\calc@Adimen=\dimen143
\calc@Bdimen=\dimen144
\calc@Askip=\skip50
\calc@Bskip=\skip51
LaTeX Info: Redefining \setlength on input line 80.
LaTeX Info: Redefining \addtolength on input line 81.
\calc@Ccount=\count198
\calc@Cskip=\skip52
)
(C:\Users\tiago\AppData\Local\Programs\MiKTeX\tex/latex/eso-pic\eso-pic.sty
Package: eso-pic 2023/05/03 v3.0c eso-pic (RN)
\ESO@tempdima=\dimen145
\ESO@tempdimb=\dimen146

(C:\Users\tiago\AppData\Local\Programs\MiKTeX\tex/latex/xcolor\xcolor.sty
Package: xcolor 2023/11/15 v3.01 LaTeX color extensions (UK)

(C:\Users\tiago\AppData\Local\Programs\MiKTeX\tex/latex/graphics-cfg\color.cfg
File: color.cfg 2016/01/02 v1.6 sample color configuration
)
Package xcolor Info: Driver file: pdftex.def on input line 274.
(C:\Users\tiago\AppData\Local\Programs\MiKTeX\tex/latex/graphics\mathcolor.ltx)
Package xcolor Info: Model `cmy' substituted by `cmy0' on input line 1350.
Package xcolor Info: Model `hsb' substituted by `rgb' on input line 1354.
Package xcolor Info: Model `RGB' extended on input line 1366.
Package xcolor Info: Model `HTML' substituted by `rgb' on input line 1368.
Package xcolor Info: Model `Hsb' substituted by `hsb' on input line 1369.
Package xcolor Info: Model `tHsb' substituted by `hsb' on input line 1370.
Package xcolor Info: Model `HSB' substituted by `hsb' on input line 1371.
Package xcolor Info: Model `Gray' substituted by `gray' on input line 1372.
Package xcolor Info: Model `wave' substituted by `hsb' on input line 1373.
))
\AM@pagewidth=\dimen147
\AM@pageheight=\dimen148
\AM@fboxrule=\dimen149

(C:\Users\tiago\AppData\Local\Programs\MiKTeX\tex/latex/pdfpages\pppdftex.def
File: pppdftex.def 2024/08/20 v0.6b Pdfpages driver for pdfTeX (AM)
)
\pdfpages@includegraphics@status=\count199
\AM@pagebox=\box51
\AM@global@opts=\toks20
\AM@pagecnt=\count266
\AM@toc@title=\toks21
\AM@lof@heading=\toks22
\c@AM@survey=\count267
\AM@templatesizebox=\box52
) (C:\Users\tiago\AppData\Local\Programs\MiKTeX\tex/latex/base\textcomp.sty
Package: textcomp 2020/02/02 v2.0n Standard LaTeX package
)
(C:\Users\tiago\AppData\Local\Programs\MiKTeX\tex/latex/hyphenat\hyphenat.sty
Package: hyphenat 2009/09/02 v2.3c hyphenation utilities
\langwohyphens=\language79
LaTeX Info: Redefining \_ on input line 43.
)
(C:\Users\tiago\AppData\Local\Programs\MiKTeX\tex/latex/l3backend\l3backend-pdf
tex.def
File: l3backend-pdftex.def 2024-01-04 L3 backend support: PDF output (pdfTeX)
\l__color_backend_stack_int=\count268
\l__pdf_internal_box=\box53
) (main.aux (TeX_files/01 Fundamentos de termologia.aux))
\openout1 = `main.aux'.

LaTeX Font Info:    Checking defaults for OML/cmm/m/it on input line 8.
LaTeX Font Info:    ... okay on input line 8.
LaTeX Font Info:    Checking defaults for OMS/cmsy/m/n on input line 8.
LaTeX Font Info:    ... okay on input line 8.
LaTeX Font Info:    Checking defaults for OT1/cmr/m/n on input line 8.
LaTeX Font Info:    ... okay on input line 8.
LaTeX Font Info:    Checking defaults for T1/cmr/m/n on input line 8.
LaTeX Font Info:    ... okay on input line 8.
LaTeX Font Info:    Checking defaults for TS1/cmr/m/n on input line 8.
LaTeX Font Info:    ... okay on input line 8.
LaTeX Font Info:    Checking defaults for OMX/cmex/m/n on input line 8.
LaTeX Font Info:    ... okay on input line 8.
LaTeX Font Info:    Checking defaults for U/cmr/m/n on input line 8.
LaTeX Font Info:    ... okay on input line 8.

(C:\Users\tiago\AppData\Local\Programs\MiKTeX\tex/context/base/mkii\supp-pdf.mk
ii
[Loading MPS to PDF converter (version 2006.09.02).]
\scratchcounter=\count269
\scratchdimen=\dimen150
\scratchbox=\box54
\nofMPsegments=\count270
\nofMParguments=\count271
\everyMPshowfont=\toks23
\MPscratchCnt=\count272
\MPscratchDim=\dimen151
\MPnumerator=\count273
\makeMPintoPDFobject=\count274
\everyMPtoPDFconversion=\toks24
)
(C:\Users\tiago\AppData\Local\Programs\MiKTeX\tex/latex/epstopdf-pkg\epstopdf-b
ase.sty
Package: epstopdf-base 2020-01-24 v2.11 Base part for package epstopdf
Package epstopdf-base Info: Redefining graphics rule for `.eps' on input line 4
85.

(C:\Users\tiago\AppData\Local\Programs\MiKTeX\tex/latex/00miktex\epstopdf-sys.c
fg
File: epstopdf-sys.cfg 2021/03/18 v2.0 Configuration of epstopdf for MiKTeX
))
(C:\Users\tiago\AppData\Local\Programs\MiKTeX\tex/latex/pdflscape\pdflscape.sty
Package: pdflscape 2022-10-27 v0.13 Display of landscape pages in PDF

(C:\Users\tiago\AppData\Local\Programs\MiKTeX\tex/latex/pdflscape\pdflscape-nom
etadata.sty
Package: pdflscape-nometadata 2022-10-28 v0.13 Display of landscape pages in PD
F (HO)

(C:\Users\tiago\AppData\Local\Programs\MiKTeX\tex/generic/iftex\iftex.sty
Package: iftex 2022/02/03 v1.0f TeX engine tests
)
(C:\Users\tiago\AppData\Local\Programs\MiKTeX\tex/latex/graphics\lscape.sty
Package: lscape 2020/05/28 v3.02 Landscape Pages (DPC)
)
Package pdflscape Info: Auto-detected driver: pdftex on input line 81.
))
LaTeX Font Info:    External font `cmex10' loaded for size
(Font)              <14.4> on input line 15.
LaTeX Font Info:    External font `cmex10' loaded for size
(Font)              <7> on input line 15.

[1



{C:/Users/tiago/AppData/Local/MiKTeX/fonts/map/pdftex/pdftex.map}] [2

]
(main.toc)
\tf@toc=\write3
\openout3 = `main.toc'.

 [3] [4

]
\openout2 = `"./TeX_files/01 Fundamentos de termologia.aux"'.

 (TeX_files/01 Fundamentos de termologia.tex
! Text line contains an invalid character.
l.2 ^^@
       
A funny symbol that I can't read has just been input.
Continue, and I'll forget that it ever happened.

! Text line contains an invalid character.
l.3 ^^@
       \^^@c^^@h^^@a^^@p^^@t^^@e^^@r^^@{^^@ ^^@F^^@u^^@n^^@d^^@a^^@m^^@e^^@n...
A funny symbol that I can't read has just been input.
Continue, and I'll forget that it ever happened.

! Undefined control sequence.
l.3 ^^@\^^@
           c^^@h^^@a^^@p^^@t^^@e^^@r^^@{^^@ ^^@F^^@u^^@n^^@d^^@a^^@m^^@e^^@n...
The control sequence at the end of the top line
of your error message was never \def'ed. If you have
misspelled it (e.g., `\hobx'), type `I' and the correct
spelling (e.g., `I\hbox'). Otherwise just continue,
and I'll forget about whatever was undefined.

! Text line contains an invalid character.
l.3 ^^@\^^@c^^@
               h^^@a^^@p^^@t^^@e^^@r^^@{^^@ ^^@F^^@u^^@n^^@d^^@a^^@m^^@e^^@n...
A funny symbol that I can't read has just been input.
Continue, and I'll forget that it ever happened.

! Text line contains an invalid character.
l.3 ^^@\^^@c^^@h^^@
                   a^^@p^^@t^^@e^^@r^^@{^^@ ^^@F^^@u^^@n^^@d^^@a^^@m^^@e^^@n...
A funny symbol that I can't read has just been input.
Continue, and I'll forget that it ever happened.

! Text line contains an invalid character.
l.3 ^^@\^^@c^^@h^^@a^^@
                       p^^@t^^@e^^@r^^@{^^@ ^^@F^^@u^^@n^^@d^^@a^^@m^^@e^^@n...
A funny symbol that I can't read has just been input.
Continue, and I'll forget that it ever happened.

! Text line contains an invalid character.
l.3 ^^@\^^@c^^@h^^@a^^@p^^@
                           t^^@e^^@r^^@{^^@ ^^@F^^@u^^@n^^@d^^@a^^@m^^@e^^@n...
A funny symbol that I can't read has just been input.
Continue, and I'll forget that it ever happened.

! Text line contains an invalid character.
l.3 ^^@\^^@c^^@h^^@a^^@p^^@t^^@
                               e^^@r^^@{^^@ ^^@F^^@u^^@n^^@d^^@a^^@m^^@e^^@n...
A funny symbol that I can't read has just been input.
Continue, and I'll forget that it ever happened.

! Text line contains an invalid character.
l.3 ^^@\^^@c^^@h^^@a^^@p^^@t^^@e^^@
                                   r^^@{^^@ ^^@F^^@u^^@n^^@d^^@a^^@m^^@e^^@n...
A funny symbol that I can't read has just been input.
Continue, and I'll forget that it ever happened.

! Text line contains an invalid character.
l.3 ^^@\^^@c^^@h^^@a^^@p^^@t^^@e^^@r^^@
                                       {^^@ ^^@F^^@u^^@n^^@d^^@a^^@m^^@e^^@n...
A funny symbol that I can't read has just been input.
Continue, and I'll forget that it ever happened.

! Text line contains an invalid character.
l.3 ^^@\^^@c^^@h^^@a^^@p^^@t^^@e^^@r^^@{^^@
                                            ^^@F^^@u^^@n^^@d^^@a^^@m^^@e^^@n...
A funny symbol that I can't read has just been input.
Continue, and I'll forget that it ever happened.

! Text line contains an invalid character.
l.3 ^^@\^^@c^^@h^^@a^^@p^^@t^^@e^^@r^^@{^^@ ^^@
                                               F^^@u^^@n^^@d^^@a^^@m^^@e^^@n...
A funny symbol that I can't read has just been input.
Continue, and I'll forget that it ever happened.

! Text line contains an invalid character.
l.3 ...^^@c^^@h^^@a^^@p^^@t^^@e^^@r^^@{^^@ ^^@F^^@
                                                  u^^@n^^@d^^@a^^@m^^@e^^@n^...
A funny symbol that I can't read has just been input.
Continue, and I'll forget that it ever happened.

! Text line contains an invalid character.
l.3 ...^^@h^^@a^^@p^^@t^^@e^^@r^^@{^^@ ^^@F^^@u^^@
                                                  n^^@d^^@a^^@m^^@e^^@n^^@t^...
A funny symbol that I can't read has just been input.
Continue, and I'll forget that it ever happened.

! Text line contains an invalid character.
l.3 ...^^@a^^@p^^@t^^@e^^@r^^@{^^@ ^^@F^^@u^^@n^^@
                                                  d^^@a^^@m^^@e^^@n^^@t^^@o^...
A funny symbol that I can't read has just been input.
Continue, and I'll forget that it ever happened.

! Text line contains an invalid character.
l.3 ...^^@p^^@t^^@e^^@r^^@{^^@ ^^@F^^@u^^@n^^@d^^@
                                                  a^^@m^^@e^^@n^^@t^^@o^^@s^...
A funny symbol that I can't read has just been input.
Continue, and I'll forget that it ever happened.

! Text line contains an invalid character.
l.3 ...^^@t^^@e^^@r^^@{^^@ ^^@F^^@u^^@n^^@d^^@a^^@
                                                  m^^@e^^@n^^@t^^@o^^@s^^@ ^...
A funny symbol that I can't read has just been input.
Continue, and I'll forget that it ever happened.

! Text line contains an invalid character.
l.3 ...^^@e^^@r^^@{^^@ ^^@F^^@u^^@n^^@d^^@a^^@m^^@
                                                  e^^@n^^@t^^@o^^@s^^@ ^^@d^...
A funny symbol that I can't read has just been input.
Continue, and I'll forget that it ever happened.

! Text line contains an invalid character.
l.3 ...^^@r^^@{^^@ ^^@F^^@u^^@n^^@d^^@a^^@m^^@e^^@
                                                  n^^@t^^@o^^@s^^@ ^^@d^^@e^...
A funny symbol that I can't read has just been input.
Continue, and I'll forget that it ever happened.

! Text line contains an invalid character.
l.3 ...^^@{^^@ ^^@F^^@u^^@n^^@d^^@a^^@m^^@e^^@n^^@
                                                  t^^@o^^@s^^@ ^^@d^^@e^^@ ^...
A funny symbol that I can't read has just been input.
Continue, and I'll forget that it ever happened.

! Text line contains an invalid character.
l.3 ...^^@ ^^@F^^@u^^@n^^@d^^@a^^@m^^@e^^@n^^@t^^@
                                                  o^^@s^^@ ^^@d^^@e^^@ ^^@t^...
A funny symbol that I can't read has just been input.
Continue, and I'll forget that it ever happened.

! Text line contains an invalid character.
l.3 ...^^@F^^@u^^@n^^@d^^@a^^@m^^@e^^@n^^@t^^@o^^@
                                                  s^^@ ^^@d^^@e^^@ ^^@t^^@e^...
A funny symbol that I can't read has just been input.
Continue, and I'll forget that it ever happened.

! Text line contains an invalid character.
l.3 ...^^@u^^@n^^@d^^@a^^@m^^@e^^@n^^@t^^@o^^@s^^@
                                                   ^^@d^^@e^^@ ^^@t^^@e^^@r^...
A funny symbol that I can't read has just been input.
Continue, and I'll forget that it ever happened.

! Text line contains an invalid character.
l.3 ...^^@n^^@d^^@a^^@m^^@e^^@n^^@t^^@o^^@s^^@ ^^@
                                                  d^^@e^^@ ^^@t^^@e^^@r^^@m^...
A funny symbol that I can't read has just been input.
Continue, and I'll forget that it ever happened.

! Text line contains an invalid character.
l.3 ...^^@d^^@a^^@m^^@e^^@n^^@t^^@o^^@s^^@ ^^@d^^@
                                                  e^^@ ^^@t^^@e^^@r^^@m^^@o^...
A funny symbol that I can't read has just been input.
Continue, and I'll forget that it ever happened.

! Text line contains an invalid character.
l.3 ...^^@a^^@m^^@e^^@n^^@t^^@o^^@s^^@ ^^@d^^@e^^@
                                                   ^^@t^^@e^^@r^^@m^^@o^^@l^...
A funny symbol that I can't read has just been input.
Continue, and I'll forget that it ever happened.

! Text line contains an invalid character.
l.3 ...^^@m^^@e^^@n^^@t^^@o^^@s^^@ ^^@d^^@e^^@ ^^@
                                                  t^^@e^^@r^^@m^^@o^^@l^^@o^...
A funny symbol that I can't read has just been input.
Continue, and I'll forget that it ever happened.

! Text line contains an invalid character.
l.3 ...^^@e^^@n^^@t^^@o^^@s^^@ ^^@d^^@e^^@ ^^@t^^@
                                                  e^^@r^^@m^^@o^^@l^^@o^^@g^...
A funny symbol that I can't read has just been input.
Continue, and I'll forget that it ever happened.

! Text line contains an invalid character.
l.3 ...^^@n^^@t^^@o^^@s^^@ ^^@d^^@e^^@ ^^@t^^@e^^@
                                                  r^^@m^^@o^^@l^^@o^^@g^^@í^...
A funny symbol that I can't read has just been input.
Continue, and I'll forget that it ever happened.

! Text line contains an invalid character.
l.3 ...^^@t^^@o^^@s^^@ ^^@d^^@e^^@ ^^@t^^@e^^@r^^@
                                                  m^^@o^^@l^^@o^^@g^^@í^^@a^...
A funny symbol that I can't read has just been input.
Continue, and I'll forget that it ever happened.

! Text line contains an invalid character.
l.3 ...^^@o^^@s^^@ ^^@d^^@e^^@ ^^@t^^@e^^@r^^@m^^@
                                                  o^^@l^^@o^^@g^^@í^^@a^^@}^^@
A funny symbol that I can't read has just been input.
Continue, and I'll forget that it ever happened.

! Text line contains an invalid character.
l.3 ...^^@s^^@ ^^@d^^@e^^@ ^^@t^^@e^^@r^^@m^^@o^^@
                                                  l^^@o^^@g^^@í^^@a^^@}^^@
A funny symbol that I can't read has just been input.
Continue, and I'll forget that it ever happened.

! Text line contains an invalid character.
l.3 ...^^@ ^^@d^^@e^^@ ^^@t^^@e^^@r^^@m^^@o^^@l^^@
                                                  o^^@g^^@í^^@a^^@}^^@
A funny symbol that I can't read has just been input.
Continue, and I'll forget that it ever happened.

! Text line contains an invalid character.
l.3 ...^^@d^^@e^^@ ^^@t^^@e^^@r^^@m^^@o^^@l^^@o^^@
                                                  g^^@í^^@a^^@}^^@
A funny symbol that I can't read has just been input.
Continue, and I'll forget that it ever happened.

! Text line contains an invalid character.
l.3 ...^^@e^^@ ^^@t^^@e^^@r^^@m^^@o^^@l^^@o^^@g^^@
                                                  í^^@a^^@}^^@
A funny symbol that I can't read has just been input.
Continue, and I'll forget that it ever happened.

! Text line contains an invalid character.
l.3 ...^^@ ^^@t^^@e^^@r^^@m^^@o^^@l^^@o^^@g^^@í^^@
                                                  a^^@}^^@
A funny symbol that I can't read has just been input.
Continue, and I'll forget that it ever happened.

! Text line contains an invalid character.
l.3 ...^^@t^^@e^^@r^^@m^^@o^^@l^^@o^^@g^^@í^^@a^^@
                                                  }^^@
A funny symbol that I can't read has just been input.
Continue, and I'll forget that it ever happened.

! Argument of \UTFviii@three@octets@combine has an extra }.
<inserted text> 
                \par 
l.3 ...^@t^^@e^^@r^^@m^^@o^^@l^^@o^^@g^^@í^^@a^^@}
                                                  ^^@
I've run across a `}' that doesn't seem to match anything.
For example, `\def\a#1{...}' and `\a}' would produce
this error. If you simply proceed now, the `\par' that
I've just inserted will cause me to report a runaway
argument that might be the root of the problem. But if
your `}' was spurious, just type `2' and it will go away.

Runaway argument?
! Paragraph ended before \UTFviii@three@octets@combine was complete.
<to be read again> 
                   \par 
l.3 ...^@t^^@e^^@r^^@m^^@o^^@l^^@o^^@g^^@í^^@a^^@}
                                                  ^^@
I suspect you've forgotten a `}', causing me to apply this
control sequence to too much text. How can we recover?
My plan is to forget the whole thing and hope for the best.

! Text line contains an invalid character.
l.3 ...^^@e^^@r^^@m^^@o^^@l^^@o^^@g^^@í^^@a^^@}^^@
                                                  
A funny symbol that I can't read has just been input.
Continue, and I'll forget that it ever happened.

! Text line contains an invalid character.
l.4 ^^@
       
A funny symbol that I can't read has just been input.
Continue, and I'll forget that it ever happened.

! Text line contains an invalid character.
l.5 ^^@
       
A funny symbol that I can't read has just been input.
Continue, and I'll forget that it ever happened.

! Text line contains an invalid character.
l.6 ^^@
       
A funny symbol that I can't read has just been input.
Continue, and I'll forget that it ever happened.

! Text line contains an invalid character.
l.7 ^^@
       
A funny symbol that I can't read has just been input.
Continue, and I'll forget that it ever happened.

! Text line contains an invalid character.
l.8 ^^@
       
A funny symbol that I can't read has just been input.
Continue, and I'll forget that it ever happened.

! Text line contains an invalid character.
l.9 ^^@
       L^^@e^^@y^^@ ^^@C^^@e^^@r^^@o^^@:^^@ ^^@S^^@i^^@ ^^@l^^@a^^@s^^@ ^^@t...
A funny symbol that I can't read has just been input.
Continue, and I'll forget that it ever happened.

! Text line contains an invalid character.
l.9 ^^@L^^@
           e^^@y^^@ ^^@C^^@e^^@r^^@o^^@:^^@ ^^@S^^@i^^@ ^^@l^^@a^^@s^^@ ^^@t...
A funny symbol that I can't read has just been input.
Continue, and I'll forget that it ever happened.

! Text line contains an invalid character.
l.9 ^^@L^^@e^^@
               y^^@ ^^@C^^@e^^@r^^@o^^@:^^@ ^^@S^^@i^^@ ^^@l^^@a^^@s^^@ ^^@t...
A funny symbol that I can't read has just been input.
Continue, and I'll forget that it ever happened.

! Text line contains an invalid character.
l.9 ^^@L^^@e^^@y^^@
                    ^^@C^^@e^^@r^^@o^^@:^^@ ^^@S^^@i^^@ ^^@l^^@a^^@s^^@ ^^@t...
A funny symbol that I can't read has just been input.
Continue, and I'll forget that it ever happened.

! Text line contains an invalid character.
l.9 ^^@L^^@e^^@y^^@ ^^@
                       C^^@e^^@r^^@o^^@:^^@ ^^@S^^@i^^@ ^^@l^^@a^^@s^^@ ^^@t...
A funny symbol that I can't read has just been input.
Continue, and I'll forget that it ever happened.

! Text line contains an invalid character.
l.9 ^^@L^^@e^^@y^^@ ^^@C^^@
                           e^^@r^^@o^^@:^^@ ^^@S^^@i^^@ ^^@l^^@a^^@s^^@ ^^@t...
A funny symbol that I can't read has just been input.
Continue, and I'll forget that it ever happened.

! Text line contains an invalid character.
l.9 ^^@L^^@e^^@y^^@ ^^@C^^@e^^@
                               r^^@o^^@:^^@ ^^@S^^@i^^@ ^^@l^^@a^^@s^^@ ^^@t...
A funny symbol that I can't read has just been input.
Continue, and I'll forget that it ever happened.

! Text line contains an invalid character.
l.9 ^^@L^^@e^^@y^^@ ^^@C^^@e^^@r^^@
                                   o^^@:^^@ ^^@S^^@i^^@ ^^@l^^@a^^@s^^@ ^^@t...
A funny symbol that I can't read has just been input.
Continue, and I'll forget that it ever happened.

! Text line contains an invalid character.
l.9 ^^@L^^@e^^@y^^@ ^^@C^^@e^^@r^^@o^^@
                                       :^^@ ^^@S^^@i^^@ ^^@l^^@a^^@s^^@ ^^@t...
A funny symbol that I can't read has just been input.
Continue, and I'll forget that it ever happened.

! Text line contains an invalid character.
l.9 ^^@L^^@e^^@y^^@ ^^@C^^@e^^@r^^@o^^@:^^@
                                            ^^@S^^@i^^@ ^^@l^^@a^^@s^^@ ^^@t...
A funny symbol that I can't read has just been input.
Continue, and I'll forget that it ever happened.

! Text line contains an invalid character.
l.9 ^^@L^^@e^^@y^^@ ^^@C^^@e^^@r^^@o^^@:^^@ ^^@
                                               S^^@i^^@ ^^@l^^@a^^@s^^@ ^^@t...
A funny symbol that I can't read has just been input.
Continue, and I'll forget that it ever happened.

! Text line contains an invalid character.
l.9 ...^^@e^^@y^^@ ^^@C^^@e^^@r^^@o^^@:^^@ ^^@S^^@
                                                  i^^@ ^^@l^^@a^^@s^^@ ^^@t^...
A funny symbol that I can't read has just been input.
Continue, and I'll forget that it ever happened.

! Text line contains an invalid character.
l.9 ...^^@y^^@ ^^@C^^@e^^@r^^@o^^@:^^@ ^^@S^^@i^^@
                                                   ^^@l^^@a^^@s^^@ ^^@t^^@e^...
A funny symbol that I can't read has just been input.
Continue, and I'll forget that it ever happened.

! Text line contains an invalid character.
l.9 ...^^@ ^^@C^^@e^^@r^^@o^^@:^^@ ^^@S^^@i^^@ ^^@
                                                  l^^@a^^@s^^@ ^^@t^^@e^^@m^...
A funny symbol that I can't read has just been input.
Continue, and I'll forget that it ever happened.

! Text line contains an invalid character.
l.9 ...^^@C^^@e^^@r^^@o^^@:^^@ ^^@S^^@i^^@ ^^@l^^@
                                                  a^^@s^^@ ^^@t^^@e^^@m^^@p^...
A funny symbol that I can't read has just been input.
Continue, and I'll forget that it ever happened.

! Text line contains an invalid character.
l.9 ...^^@e^^@r^^@o^^@:^^@ ^^@S^^@i^^@ ^^@l^^@a^^@
                                                  s^^@ ^^@t^^@e^^@m^^@p^^@e^...
A funny symbol that I can't read has just been input.
Continue, and I'll forget that it ever happened.

! Text line contains an invalid character.
l.9 ...^^@r^^@o^^@:^^@ ^^@S^^@i^^@ ^^@l^^@a^^@s^^@
                                                   ^^@t^^@e^^@m^^@p^^@e^^@r^...
A funny symbol that I can't read has just been input.
Continue, and I'll forget that it ever happened.

! Text line contains an invalid character.
l.9 ...^^@o^^@:^^@ ^^@S^^@i^^@ ^^@l^^@a^^@s^^@ ^^@
                                                  t^^@e^^@m^^@p^^@e^^@r^^@a^...
A funny symbol that I can't read has just been input.
Continue, and I'll forget that it ever happened.

! Text line contains an invalid character.
l.9 ...^^@:^^@ ^^@S^^@i^^@ ^^@l^^@a^^@s^^@ ^^@t^^@
                                                  e^^@m^^@p^^@e^^@r^^@a^^@t^...
A funny symbol that I can't read has just been input.
Continue, and I'll forget that it ever happened.

! Text line contains an invalid character.
l.9 ...^^@ ^^@S^^@i^^@ ^^@l^^@a^^@s^^@ ^^@t^^@e^^@
                                                  m^^@p^^@e^^@r^^@a^^@t^^@u^...
A funny symbol that I can't read has just been input.
Continue, and I'll forget that it ever happened.

! Text line contains an invalid character.
l.9 ...^^@S^^@i^^@ ^^@l^^@a^^@s^^@ ^^@t^^@e^^@m^^@
                                                  p^^@e^^@r^^@a^^@t^^@u^^@r^...
A funny symbol that I can't read has just been input.
Continue, and I'll forget that it ever happened.

! Text line contains an invalid character.
l.9 ...^^@i^^@ ^^@l^^@a^^@s^^@ ^^@t^^@e^^@m^^@p^^@
                                                  e^^@r^^@a^^@t^^@u^^@r^^@a^...
A funny symbol that I can't read has just been input.
Continue, and I'll forget that it ever happened.

! Text line contains an invalid character.
l.9 ...^^@ ^^@l^^@a^^@s^^@ ^^@t^^@e^^@m^^@p^^@e^^@
                                                  r^^@a^^@t^^@u^^@r^^@a^^@s^...
A funny symbol that I can't read has just been input.
Continue, and I'll forget that it ever happened.

! Text line contains an invalid character.
l.9 ...^^@l^^@a^^@s^^@ ^^@t^^@e^^@m^^@p^^@e^^@r^^@
                                                  a^^@t^^@u^^@r^^@a^^@s^^@ ^...
A funny symbol that I can't read has just been input.
Continue, and I'll forget that it ever happened.

! Text line contains an invalid character.
l.9 ...^^@a^^@s^^@ ^^@t^^@e^^@m^^@p^^@e^^@r^^@a^^@
                                                  t^^@u^^@r^^@a^^@s^^@ ^^@d^...
A funny symbol that I can't read has just been input.
Continue, and I'll forget that it ever happened.

! Text line contains an invalid character.
l.9 ...^^@s^^@ ^^@t^^@e^^@m^^@p^^@e^^@r^^@a^^@t^^@
                                                  u^^@r^^@a^^@s^^@ ^^@d^^@e^...
A funny symbol that I can't read has just been input.
Continue, and I'll forget that it ever happened.

! Text line contains an invalid character.
l.9 ...^^@ ^^@t^^@e^^@m^^@p^^@e^^@r^^@a^^@t^^@u^^@
                                                  r^^@a^^@s^^@ ^^@d^^@e^^@ ^...
A funny symbol that I can't read has just been input.
Continue, and I'll forget that it ever happened.

! Text line contains an invalid character.
l.9 ...^^@t^^@e^^@m^^@p^^@e^^@r^^@a^^@t^^@u^^@r^^@
                                                  a^^@s^^@ ^^@d^^@e^^@ ^^@A^...
A funny symbol that I can't read has just been input.
Continue, and I'll forget that it ever happened.

! Text line contains an invalid character.
l.9 ...^^@e^^@m^^@p^^@e^^@r^^@a^^@t^^@u^^@r^^@a^^@
                                                  s^^@ ^^@d^^@e^^@ ^^@A^^@ ^...
A funny symbol that I can't read has just been input.
Continue, and I'll forget that it ever happened.

! Text line contains an invalid character.
l.9 ...^^@m^^@p^^@e^^@r^^@a^^@t^^@u^^@r^^@a^^@s^^@
                                                   ^^@d^^@e^^@ ^^@A^^@ ^^@y^...
A funny symbol that I can't read has just been input.
Continue, and I'll forget that it ever happened.

! Text line contains an invalid character.
l.9 ...^^@p^^@e^^@r^^@a^^@t^^@u^^@r^^@a^^@s^^@ ^^@
                                                  d^^@e^^@ ^^@A^^@ ^^@y^^@ ^...
A funny symbol that I can't read has just been input.
Continue, and I'll forget that it ever happened.

! Text line contains an invalid character.
l.9 ...^^@e^^@r^^@a^^@t^^@u^^@r^^@a^^@s^^@ ^^@d^^@
                                                  e^^@ ^^@A^^@ ^^@y^^@ ^^@B^...
A funny symbol that I can't read has just been input.
Continue, and I'll forget that it ever happened.

! Text line contains an invalid character.
l.9 ...^^@r^^@a^^@t^^@u^^@r^^@a^^@s^^@ ^^@d^^@e^^@
                                                   ^^@A^^@ ^^@y^^@ ^^@B^^@ ^...
A funny symbol that I can't read has just been input.
Continue, and I'll forget that it ever happened.

! Text line contains an invalid character.
l.9 ...^^@a^^@t^^@u^^@r^^@a^^@s^^@ ^^@d^^@e^^@ ^^@
                                                  A^^@ ^^@y^^@ ^^@B^^@ ^^@s^...
A funny symbol that I can't read has just been input.
Continue, and I'll forget that it ever happened.

! Text line contains an invalid character.
l.9 ...^^@t^^@u^^@r^^@a^^@s^^@ ^^@d^^@e^^@ ^^@A^^@
                                                   ^^@y^^@ ^^@B^^@ ^^@s^^@e^...
A funny symbol that I can't read has just been input.
Continue, and I'll forget that it ever happened.

! Text line contains an invalid character.
l.9 ...^^@u^^@r^^@a^^@s^^@ ^^@d^^@e^^@ ^^@A^^@ ^^@
                                                  y^^@ ^^@B^^@ ^^@s^^@e^^@ ^...
A funny symbol that I can't read has just been input.
Continue, and I'll forget that it ever happened.

! Text line contains an invalid character.
l.9 ...^^@r^^@a^^@s^^@ ^^@d^^@e^^@ ^^@A^^@ ^^@y^^@
                                                   ^^@B^^@ ^^@s^^@e^^@ ^^@m^...
A funny symbol that I can't read has just been input.
Continue, and I'll forget that it ever happened.

! Text line contains an invalid character.
l.9 ...^^@a^^@s^^@ ^^@d^^@e^^@ ^^@A^^@ ^^@y^^@ ^^@
                                                  B^^@ ^^@s^^@e^^@ ^^@m^^@i^...
A funny symbol that I can't read has just been input.
Continue, and I'll forget that it ever happened.

! Text line contains an invalid character.
l.9 ...^^@s^^@ ^^@d^^@e^^@ ^^@A^^@ ^^@y^^@ ^^@B^^@
                                                   ^^@s^^@e^^@ ^^@m^^@i^^@d^...
A funny symbol that I can't read has just been input.
Continue, and I'll forget that it ever happened.

! Text line contains an invalid character.
l.9 ...^^@ ^^@d^^@e^^@ ^^@A^^@ ^^@y^^@ ^^@B^^@ ^^@
                                                  s^^@e^^@ ^^@m^^@i^^@d^^@e^...
A funny symbol that I can't read has just been input.
Continue, and I'll forget that it ever happened.

! Text line contains an invalid character.
l.9 ...^^@d^^@e^^@ ^^@A^^@ ^^@y^^@ ^^@B^^@ ^^@s^^@
                                                  e^^@ ^^@m^^@i^^@d^^@e^^@n^...
A funny symbol that I can't read has just been input.
Continue, and I'll forget that it ever happened.

! Text line contains an invalid character.
l.9 ...^^@e^^@ ^^@A^^@ ^^@y^^@ ^^@B^^@ ^^@s^^@e^^@
                                                   ^^@m^^@i^^@d^^@e^^@n^^@ ^...
A funny symbol that I can't read has just been input.
Continue, and I'll forget that it ever happened.

! Text line contains an invalid character.
l.9 ...^^@ ^^@A^^@ ^^@y^^@ ^^@B^^@ ^^@s^^@e^^@ ^^@
                                                  m^^@i^^@d^^@e^^@n^^@ ^^@c^...
A funny symbol that I can't read has just been input.
Continue, and I'll forget that it ever happened.

! Text line contains an invalid character.
l.9 ...^^@A^^@ ^^@y^^@ ^^@B^^@ ^^@s^^@e^^@ ^^@m^^@
                                                  i^^@d^^@e^^@n^^@ ^^@c^^@o^...
A funny symbol that I can't read has just been input.
Continue, and I'll forget that it ever happened.

! Text line contains an invalid character.
l.9 ...^^@ ^^@y^^@ ^^@B^^@ ^^@s^^@e^^@ ^^@m^^@i^^@
                                                  d^^@e^^@n^^@ ^^@c^^@o^^@m^...
A funny symbol that I can't read has just been input.
Continue, and I'll forget that it ever happened.

! Text line contains an invalid character.
l.9 ...^^@y^^@ ^^@B^^@ ^^@s^^@e^^@ ^^@m^^@i^^@d^^@
                                                  e^^@n^^@ ^^@c^^@o^^@m^^@o^...
A funny symbol that I can't read has just been input.
Continue, and I'll forget that it ever happened.

! Text line contains an invalid character.
l.9 ...^^@ ^^@B^^@ ^^@s^^@e^^@ ^^@m^^@i^^@d^^@e^^@
                                                  n^^@ ^^@c^^@o^^@m^^@o^^@ ^...
A funny symbol that I can't read has just been input.
Continue, and I'll forget that it ever happened.

! Text line contains an invalid character.
l.9 ...^^@B^^@ ^^@s^^@e^^@ ^^@m^^@i^^@d^^@e^^@n^^@
                                                   ^^@c^^@o^^@m^^@o^^@ ^^@i^...
A funny symbol that I can't read has just been input.
Continue, and I'll forget that it ever happened.

! Text line contains an invalid character.
l.9 ...^^@ ^^@s^^@e^^@ ^^@m^^@i^^@d^^@e^^@n^^@ ^^@
                                                  c^^@o^^@m^^@o^^@ ^^@i^^@g^...
A funny symbol that I can't read has just been input.
Continue, and I'll forget that it ever happened.

! Text line contains an invalid character.
l.9 ...^^@s^^@e^^@ ^^@m^^@i^^@d^^@e^^@n^^@ ^^@c^^@
                                                  o^^@m^^@o^^@ ^^@i^^@g^^@u^...
A funny symbol that I can't read has just been input.
Continue, and I'll forget that it ever happened.

! Text line contains an invalid character.
l.9 ...^^@e^^@ ^^@m^^@i^^@d^^@e^^@n^^@ ^^@c^^@o^^@
                                                  m^^@o^^@ ^^@i^^@g^^@u^^@a^...
A funny symbol that I can't read has just been input.
Continue, and I'll forget that it ever happened.

! Text line contains an invalid character.
l.9 ...^^@ ^^@m^^@i^^@d^^@e^^@n^^@ ^^@c^^@o^^@m^^@
                                                  o^^@ ^^@i^^@g^^@u^^@a^^@l^...
A funny symbol that I can't read has just been input.
Continue, and I'll forget that it ever happened.

! Text line contains an invalid character.
l.9 ...^^@m^^@i^^@d^^@e^^@n^^@ ^^@c^^@o^^@m^^@o^^@
                                                   ^^@i^^@g^^@u^^@a^^@l^^@e^...
A funny symbol that I can't read has just been input.
Continue, and I'll forget that it ever happened.

! Text line contains an invalid character.
l.9 ...^^@i^^@d^^@e^^@n^^@ ^^@c^^@o^^@m^^@o^^@ ^^@
                                                  i^^@g^^@u^^@a^^@l^^@e^^@s^...
A funny symbol that I can't read has just been input.
Continue, and I'll forget that it ever happened.

! Text line contains an invalid character.
l.9 ...^^@d^^@e^^@n^^@ ^^@c^^@o^^@m^^@o^^@ ^^@i^^@
                                                  g^^@u^^@a^^@l^^@e^^@s^^@ ^...
A funny symbol that I can't read has just been input.
Continue, and I'll forget that it ever happened.

! Text line contains an invalid character.
l.9 ...^^@e^^@n^^@ ^^@c^^@o^^@m^^@o^^@ ^^@i^^@g^^@
                                                  u^^@a^^@l^^@e^^@s^^@ ^^@a^...
A funny symbol that I can't read has just been input.
Continue, and I'll forget that it ever happened.

! Text line contains an invalid character.
l.9 ...^^@n^^@ ^^@c^^@o^^@m^^@o^^@ ^^@i^^@g^^@u^^@
                                                  a^^@l^^@e^^@s^^@ ^^@a^^@l^...
A funny symbol that I can't read has just been input.
Continue, and I'll forget that it ever happened.

! Text line contains an invalid character.
l.9 ...^^@ ^^@c^^@o^^@m^^@o^^@ ^^@i^^@g^^@u^^@a^^@
                                                  l^^@e^^@s^^@ ^^@a^^@l^^@ ^...
A funny symbol that I can't read has just been input.
Continue, and I'll forget that it ever happened.

! Text line contains an invalid character.
l.9 ...^^@c^^@o^^@m^^@o^^@ ^^@i^^@g^^@u^^@a^^@l^^@
                                                  e^^@s^^@ ^^@a^^@l^^@ ^^@c^...
A funny symbol that I can't read has just been input.
Continue, and I'll forget that it ever happened.

! Text line contains an invalid character.
l.9 ...^^@o^^@m^^@o^^@ ^^@i^^@g^^@u^^@a^^@l^^@e^^@
                                                  s^^@ ^^@a^^@l^^@ ^^@c^^@o^...
A funny symbol that I can't read has just been input.
Continue, and I'll forget that it ever happened.

! Text line contains an invalid character.
l.9 ...^^@m^^@o^^@ ^^@i^^@g^^@u^^@a^^@l^^@e^^@s^^@
                                                   ^^@a^^@l^^@ ^^@c^^@o^^@l^...
A funny symbol that I can't read has just been input.
Continue, and I'll forget that it ever happened.

! Text line contains an invalid character.
l.9 ...^^@o^^@ ^^@i^^@g^^@u^^@a^^@l^^@e^^@s^^@ ^^@
                                                  a^^@l^^@ ^^@c^^@o^^@l^^@o^...
A funny symbol that I can't read has just been input.
Continue, and I'll forget that it ever happened.

! Text line contains an invalid character.
l.9 ...^^@ ^^@i^^@g^^@u^^@a^^@l^^@e^^@s^^@ ^^@a^^@
                                                  l^^@ ^^@c^^@o^^@l^^@o^^@c^...
A funny symbol that I can't read has just been input.
Continue, and I'll forget that it ever happened.

! Text line contains an invalid character.
l.9 ...^^@i^^@g^^@u^^@a^^@l^^@e^^@s^^@ ^^@a^^@l^^@
                                                   ^^@c^^@o^^@l^^@o^^@c^^@a^...
A funny symbol that I can't read has just been input.
Continue, and I'll forget that it ever happened.

! Text line contains an invalid character.
l.9 ...^^@g^^@u^^@a^^@l^^@e^^@s^^@ ^^@a^^@l^^@ ^^@
                                                  c^^@o^^@l^^@o^^@c^^@a^^@r^...
A funny symbol that I can't read has just been input.
Continue, and I'll forget that it ever happened.

! Text line contains an invalid character.
l.9 ...^^@u^^@a^^@l^^@e^^@s^^@ ^^@a^^@l^^@ ^^@c^^@
                                                  o^^@l^^@o^^@c^^@a^^@r^^@l^...
A funny symbol that I can't read has just been input.
Continue, and I'll forget that it ever happened.

! Text line contains an invalid character.
l.9 ...^^@a^^@l^^@e^^@s^^@ ^^@a^^@l^^@ ^^@c^^@o^^@
                                                  l^^@o^^@c^^@a^^@r^^@l^^@a^...
A funny symbol that I can't read has just been input.
Continue, and I'll forget that it ever happened.

! Text line contains an invalid character.
l.9 ...^^@l^^@e^^@s^^@ ^^@a^^@l^^@ ^^@c^^@o^^@l^^@
                                                  o^^@c^^@a^^@r^^@l^^@a^^@s^...
A funny symbol that I can't read has just been input.
Continue, and I'll forget that it ever happened.

! Text line contains an invalid character.
l.9 ...^^@e^^@s^^@ ^^@a^^@l^^@ ^^@c^^@o^^@l^^@o^^@
                                                  c^^@a^^@r^^@l^^@a^^@s^^@ ^...
A funny symbol that I can't read has just been input.
Continue, and I'll forget that it ever happened.

! Text line contains an invalid character.
l.9 ...^^@s^^@ ^^@a^^@l^^@ ^^@c^^@o^^@l^^@o^^@c^^@
                                                  a^^@r^^@l^^@a^^@s^^@ ^^@e^...
A funny symbol that I can't read has just been input.
Continue, and I'll forget that it ever happened.

! Text line contains an invalid character.
l.9 ...^^@ ^^@a^^@l^^@ ^^@c^^@o^^@l^^@o^^@c^^@a^^@
                                                  r^^@l^^@a^^@s^^@ ^^@e^^@n^...
A funny symbol that I can't read has just been input.
Continue, and I'll forget that it ever happened.

! Text line contains an invalid character.
l.9 ...^^@a^^@l^^@ ^^@c^^@o^^@l^^@o^^@c^^@a^^@r^^@
                                                  l^^@a^^@s^^@ ^^@e^^@n^^@ ^...
A funny symbol that I can't read has just been input.
Continue, and I'll forget that it ever happened.

! Text line contains an invalid character.
l.9 ...^^@l^^@ ^^@c^^@o^^@l^^@o^^@c^^@a^^@r^^@l^^@
                                                  a^^@s^^@ ^^@e^^@n^^@ ^^@c^...
A funny symbol that I can't read has just been input.
Continue, and I'll forget that it ever happened.

! Text line contains an invalid character.
l.9 ...^^@ ^^@c^^@o^^@l^^@o^^@c^^@a^^@r^^@l^^@a^^@
                                                  s^^@ ^^@e^^@n^^@ ^^@c^^@o^...
A funny symbol that I can't read has just been input.
Continue, and I'll forget that it ever happened.

! Text line contains an invalid character.
l.9 ...^^@c^^@o^^@l^^@o^^@c^^@a^^@r^^@l^^@a^^@s^^@
                                                   ^^@e^^@n^^@ ^^@c^^@o^^@n^...
A funny symbol that I can't read has just been input.
Continue, and I'll forget that it ever happened.

! Text line contains an invalid character.
l.9 ...^^@o^^@l^^@o^^@c^^@a^^@r^^@l^^@a^^@s^^@ ^^@
                                                  e^^@n^^@ ^^@c^^@o^^@n^^@t^...
A funny symbol that I can't read has just been input.
Continue, and I'll forget that it ever happened.

! Text line contains an invalid character.
l.9 ...^^@l^^@o^^@c^^@a^^@r^^@l^^@a^^@s^^@ ^^@e^^@
                                                  n^^@ ^^@c^^@o^^@n^^@t^^@a^...
A funny symbol that I can't read has just been input.
Continue, and I'll forget that it ever happened.

! Text line contains an invalid character.
l.9 ...^^@o^^@c^^@a^^@r^^@l^^@a^^@s^^@ ^^@e^^@n^^@
                                                   ^^@c^^@o^^@n^^@t^^@a^^@c^...
A funny symbol that I can't read has just been input.
Continue, and I'll forget that it ever happened.

! Text line contains an invalid character.
l.9 ...^^@c^^@a^^@r^^@l^^@a^^@s^^@ ^^@e^^@n^^@ ^^@
                                                  c^^@o^^@n^^@t^^@a^^@c^^@t^...
A funny symbol that I can't read has just been input.
Continue, and I'll forget that it ever happened.

! Text line contains an invalid character.
l.9 ...^^@a^^@r^^@l^^@a^^@s^^@ ^^@e^^@n^^@ ^^@c^^@
                                                  o^^@n^^@t^^@a^^@c^^@t^^@o^...
A funny symbol that I can't read has just been input.
Continue, and I'll forget that it ever happened.

! Text line contains an invalid character.
l.9 ...^^@r^^@l^^@a^^@s^^@ ^^@e^^@n^^@ ^^@c^^@o^^@
                                                  n^^@t^^@a^^@c^^@t^^@o^^@ ^...
A funny symbol that I can't read has just been input.
Continue, and I'll forget that it ever happened.

! Text line contains an invalid character.
l.9 ...^^@l^^@a^^@s^^@ ^^@e^^@n^^@ ^^@c^^@o^^@n^^@
                                                  t^^@a^^@c^^@t^^@o^^@ ^^@t^...
A funny symbol that I can't read has just been input.
Continue, and I'll forget that it ever happened.

! Text line contains an invalid character.
l.9 ...^^@a^^@s^^@ ^^@e^^@n^^@ ^^@c^^@o^^@n^^@t^^@
                                                  a^^@c^^@t^^@o^^@ ^^@t^^@e^...
A funny symbol that I can't read has just been input.
Continue, and I'll forget that it ever happened.

! Text line contains an invalid character.
l.9 ...^^@s^^@ ^^@e^^@n^^@ ^^@c^^@o^^@n^^@t^^@a^^@
                                                  c^^@t^^@o^^@ ^^@t^^@e^^@r^...
A funny symbol that I can't read has just been input.
Continue, and I'll forget that it ever happened.

! Text line contains an invalid character.
l.9 ...^^@ ^^@e^^@n^^@ ^^@c^^@o^^@n^^@t^^@a^^@c^^@
                                                  t^^@o^^@ ^^@t^^@e^^@r^^@m^...
A funny symbol that I can't read has just been input.
Continue, and I'll forget that it ever happened.

! Text line contains an invalid character.
l.9 ...^^@e^^@n^^@ ^^@c^^@o^^@n^^@t^^@a^^@c^^@t^^@
                                                  o^^@ ^^@t^^@e^^@r^^@m^^@i^...
A funny symbol that I can't read has just been input.
Continue, and I'll forget that it ever happened.

! Text line contains an invalid character.
l.9 ...^^@n^^@ ^^@c^^@o^^@n^^@t^^@a^^@c^^@t^^@o^^@
                                                   ^^@t^^@e^^@r^^@m^^@i^^@c^...
A funny symbol that I can't read has just been input.
Continue, and I'll forget that it ever happened.

! Text line contains an invalid character.
l.9 ...^^@ ^^@c^^@o^^@n^^@t^^@a^^@c^^@t^^@o^^@ ^^@
                                                  t^^@e^^@r^^@m^^@i^^@c^^@o^...
A funny symbol that I can't read has just been input.
Continue, and I'll forget that it ever happened.

! Text line contains an invalid character.
l.9 ...^^@c^^@o^^@n^^@t^^@a^^@c^^@t^^@o^^@ ^^@t^^@
                                                  e^^@r^^@m^^@i^^@c^^@o^^@ ^...
A funny symbol that I can't read has just been input.
Continue, and I'll forget that it ever happened.

! Text line contains an invalid character.
l.9 ...^^@o^^@n^^@t^^@a^^@c^^@t^^@o^^@ ^^@t^^@e^^@
                                                  r^^@m^^@i^^@c^^@o^^@ ^^@c^...
A funny symbol that I can't read has just been input.
Continue, and I'll forget that it ever happened.

! Text line contains an invalid character.
l.9 ...^^@n^^@t^^@a^^@c^^@t^^@o^^@ ^^@t^^@e^^@r^^@
                                                  m^^@i^^@c^^@o^^@ ^^@c^^@o^...
A funny symbol that I can't read has just been input.
Continue, and I'll forget that it ever happened.

! Text line contains an invalid character.
l.9 ...^^@t^^@a^^@c^^@t^^@o^^@ ^^@t^^@e^^@r^^@m^^@
                                                  i^^@c^^@o^^@ ^^@c^^@o^^@n^...
A funny symbol that I can't read has just been input.
Continue, and I'll forget that it ever happened.

! Text line contains an invalid character.
l.9 ...^^@a^^@c^^@t^^@o^^@ ^^@t^^@e^^@r^^@m^^@i^^@
                                                  c^^@o^^@ ^^@c^^@o^^@n^^@ ^...
A funny symbol that I can't read has just been input.
Continue, and I'll forget that it ever happened.

! Text line contains an invalid character.
l.9 ...^^@c^^@t^^@o^^@ ^^@t^^@e^^@r^^@m^^@i^^@c^^@
                                                  o^^@ ^^@c^^@o^^@n^^@ ^^@u^...
A funny symbol that I can't read has just been input.
Continue, and I'll forget that it ever happened.

! Text line contains an invalid character.
l.9 ...^^@t^^@o^^@ ^^@t^^@e^^@r^^@m^^@i^^@c^^@o^^@
                                                   ^^@c^^@o^^@n^^@ ^^@u^^@n^...
A funny symbol that I can't read has just been input.
Continue, and I'll forget that it ever happened.

! Text line contains an invalid character.
l.9 ...^^@o^^@ ^^@t^^@e^^@r^^@m^^@i^^@c^^@o^^@ ^^@
                                                  c^^@o^^@n^^@ ^^@u^^@n^^@ ^...
A funny symbol that I can't read has just been input.
Continue, and I'll forget that it ever happened.

! Text line contains an invalid character.
l.9 ...^^@ ^^@t^^@e^^@r^^@m^^@i^^@c^^@o^^@ ^^@c^^@
                                                  o^^@n^^@ ^^@u^^@n^^@ ^^@t^...
A funny symbol that I can't read has just been input.
Continue, and I'll forget that it ever happened.

! Text line contains an invalid character.
l.9 ...^^@t^^@e^^@r^^@m^^@i^^@c^^@o^^@ ^^@c^^@o^^@
                                                  n^^@ ^^@u^^@n^^@ ^^@t^^@e^...
A funny symbol that I can't read has just been input.
Continue, and I'll forget that it ever happened.

! Text line contains an invalid character.
l.9 ...^^@e^^@r^^@m^^@i^^@c^^@o^^@ ^^@c^^@o^^@n^^@
                                                   ^^@u^^@n^^@ ^^@t^^@e^^@r^...
A funny symbol that I can't read has just been input.
Continue, and I'll forget that it ever happened.

! Text line contains an invalid character.
l.9 ...^^@r^^@m^^@i^^@c^^@o^^@ ^^@c^^@o^^@n^^@ ^^@
                                                  u^^@n^^@ ^^@t^^@e^^@r^^@m^...
A funny symbol that I can't read has just been input.
Continue, and I'll forget that it ever happened.

! Text line contains an invalid character.
l.9 ...^^@m^^@i^^@c^^@o^^@ ^^@c^^@o^^@n^^@ ^^@u^^@
                                                  n^^@ ^^@t^^@e^^@r^^@m^^@o^...
(That makes 100 errors; please try again.) 
Here is how much of TeX's memory you used:
 2879 strings out of 474486
 48811 string characters out of 5743755
 1925542 words of memory out of 5000000
 25148 multiletter control sequences out of 15000+600000
 560537 words of font info for 44 fonts, out of 8000000 for 9000
 1141 hyphenation exceptions out of 8191
 68i,6n,79p,503b,201s stack positions out of 10000i,1000n,20000p,200000b,200000s

!  ==> Fatal error occurred, no output PDF file produced!
